/pfs/work7/workspace/scratch/ma_ngabrek-master-thesis/master-thesis/river_adapted/concept_drift_stream.py:144: RuntimeWarning: overflow encountered in exp
  probability_drift = 1.0 / (1.0 + np.exp(v))
/pfs/work7/workspace/scratch/ma_ngabrek-master-thesis/master-thesis/river_adapted/concept_drift_stream.py:144: RuntimeWarning: overflow encountered in exp
  probability_drift = 1.0 / (1.0 + np.exp(v))
/pfs/work7/workspace/scratch/ma_ngabrek-master-thesis/master-thesis/river_adapted/concept_drift_stream.py:144: RuntimeWarning: overflow encountered in exp
  probability_drift = 1.0 / (1.0 + np.exp(v))
/pfs/work7/workspace/scratch/ma_ngabrek-master-thesis/master-thesis/river_adapted/concept_drift_stream.py:144: RuntimeWarning: overflow encountered in exp
  probability_drift = 1.0 / (1.0 + np.exp(v))
/pfs/work7/workspace/scratch/ma_ngabrek-master-thesis/master-thesis/frouros_adapted/adwin.py:326: RuntimeWarning: invalid value encountered in sqrt
  np.sqrt(2 * m_reciprocal * self.variance_window * delta_prime)
/pfs/work7/workspace/scratch/ma_ngabrek-master-thesis/master-thesis/river_adapted/concept_drift_stream.py:144: RuntimeWarning: overflow encountered in exp
  probability_drift = 1.0 / (1.0 + np.exp(v))
/pfs/work7/workspace/scratch/ma_ngabrek-master-thesis/master-thesis/frouros_adapted/adwin.py:326: RuntimeWarning: invalid value encountered in sqrt
  np.sqrt(2 * m_reciprocal * self.variance_window * delta_prime)
/pfs/work7/workspace/scratch/ma_ngabrek-master-thesis/master-thesis/river_adapted/concept_drift_stream.py:144: RuntimeWarning: overflow encountered in exp
  probability_drift = 1.0 / (1.0 + np.exp(v))
/pfs/work7/workspace/scratch/ma_ngabrek-master-thesis/master-thesis/frouros_adapted/adwin.py:326: RuntimeWarning: invalid value encountered in sqrt
  np.sqrt(2 * m_reciprocal * self.variance_window * delta_prime)
/pfs/work7/workspace/scratch/ma_ngabrek-master-thesis/master-thesis/river_adapted/concept_drift_stream.py:144: RuntimeWarning: overflow encountered in exp
  probability_drift = 1.0 / (1.0 + np.exp(v))
/pfs/work7/workspace/scratch/ma_ngabrek-master-thesis/master-thesis/river_adapted/concept_drift_stream.py:144: RuntimeWarning: overflow encountered in exp
  probability_drift = 1.0 / (1.0 + np.exp(v))
/pfs/work7/workspace/scratch/ma_ngabrek-master-thesis/master-thesis/frouros_adapted/adwin.py:326: RuntimeWarning: invalid value encountered in sqrt
  np.sqrt(2 * m_reciprocal * self.variance_window * delta_prime)
/pfs/work7/workspace/scratch/ma_ngabrek-master-thesis/master-thesis/river_adapted/concept_drift_stream.py:144: RuntimeWarning: overflow encountered in exp
  probability_drift = 1.0 / (1.0 + np.exp(v))
/pfs/work7/workspace/scratch/ma_ngabrek-master-thesis/master-thesis/frouros_adapted/adwin.py:326: RuntimeWarning: invalid value encountered in sqrt
  np.sqrt(2 * m_reciprocal * self.variance_window * delta_prime)
/pfs/work7/workspace/scratch/ma_ngabrek-master-thesis/master-thesis/river_adapted/concept_drift_stream.py:144: RuntimeWarning: overflow encountered in exp
  probability_drift = 1.0 / (1.0 + np.exp(v))
/pfs/work7/workspace/scratch/ma_ngabrek-master-thesis/master-thesis/frouros_adapted/adwin.py:326: RuntimeWarning: invalid value encountered in sqrt
  np.sqrt(2 * m_reciprocal * self.variance_window * delta_prime)
BOLE_ADWIN_F
reset
BOLE_ADWIN_F
reset
BOLE_ADWIN_F
reset
BOLE_ADWIN_F
reset
BOLE_ADWIN_F
reset
BOLE_ADWIN_F
reset
BOLE_ADWIN_F
reset
BOLE_ADWIN_F
reset
BOLE_ADWIN_F
reset
BOLE_ADWIN_F
reset

============================= JOB FEEDBACK =============================

NodeName=uc2n265
Job ID: 22992085
Cluster: uc2
User/Group: ma_ngabrek/ma_ma
State: COMPLETED (exit code 0)
Nodes: 1
Cores per node: 2
CPU Utilized: 03:45:59
CPU Efficiency: 49.68% of 07:34:52 core-walltime
Job Wall-clock time: 03:47:26
Memory Utilized: 98.71 MB
Memory Efficiency: 4.39% of 2.20 GB
