/pfs/work7/workspace/scratch/ma_ngabrek-master-thesis/master-thesis/frouros_adapted/stepd.py:250: RuntimeWarning: divide by zero encountered in scalar divide
  statistic = (
/pfs/work7/workspace/scratch/ma_ngabrek-master-thesis/master-thesis/frouros_adapted/stepd.py:250: RuntimeWarning: divide by zero encountered in scalar divide
  statistic = (
/pfs/work7/workspace/scratch/ma_ngabrek-master-thesis/master-thesis/frouros_adapted/stepd.py:250: RuntimeWarning: divide by zero encountered in scalar divide
  statistic = (
/pfs/work7/workspace/scratch/ma_ngabrek-master-thesis/master-thesis/frouros_adapted/stepd.py:250: RuntimeWarning: divide by zero encountered in scalar divide
  statistic = (
/pfs/work7/workspace/scratch/ma_ngabrek-master-thesis/master-thesis/frouros_adapted/stepd.py:250: RuntimeWarning: divide by zero encountered in scalar divide
  statistic = (
/pfs/work7/workspace/scratch/ma_ngabrek-master-thesis/master-thesis/frouros_adapted/stepd.py:250: RuntimeWarning: divide by zero encountered in scalar divide
  statistic = (
/pfs/work7/workspace/scratch/ma_ngabrek-master-thesis/master-thesis/frouros_adapted/stepd.py:250: RuntimeWarning: divide by zero encountered in scalar divide
  statistic = (
/pfs/work7/workspace/scratch/ma_ngabrek-master-thesis/master-thesis/frouros_adapted/stepd.py:250: RuntimeWarning: divide by zero encountered in scalar divide
  statistic = (
/pfs/work7/workspace/scratch/ma_ngabrek-master-thesis/master-thesis/frouros_adapted/stepd.py:250: RuntimeWarning: divide by zero encountered in scalar divide
  statistic = (
/pfs/work7/workspace/scratch/ma_ngabrek-master-thesis/master-thesis/frouros_adapted/stepd.py:250: RuntimeWarning: divide by zero encountered in scalar divide
  statistic = (
/pfs/work7/workspace/scratch/ma_ngabrek-master-thesis/master-thesis/frouros_adapted/stepd.py:250: RuntimeWarning: divide by zero encountered in scalar divide
  statistic = (
/pfs/work7/workspace/scratch/ma_ngabrek-master-thesis/master-thesis/frouros_adapted/stepd.py:250: RuntimeWarning: divide by zero encountered in scalar divide
  statistic = (
/pfs/work7/workspace/scratch/ma_ngabrek-master-thesis/master-thesis/frouros_adapted/stepd.py:250: RuntimeWarning: divide by zero encountered in scalar divide
  statistic = (
/pfs/work7/workspace/scratch/ma_ngabrek-master-thesis/master-thesis/frouros_adapted/stepd.py:250: RuntimeWarning: divide by zero encountered in scalar divide
  statistic = (
/pfs/work7/workspace/scratch/ma_ngabrek-master-thesis/master-thesis/frouros_adapted/stepd.py:250: RuntimeWarning: divide by zero encountered in scalar divide
  statistic = (
/pfs/work7/workspace/scratch/ma_ngabrek-master-thesis/master-thesis/frouros_adapted/stepd.py:250: RuntimeWarning: divide by zero encountered in scalar divide
  statistic = (
/pfs/work7/workspace/scratch/ma_ngabrek-master-thesis/master-thesis/frouros_adapted/stepd.py:250: RuntimeWarning: divide by zero encountered in scalar divide
  statistic = (
/pfs/work7/workspace/scratch/ma_ngabrek-master-thesis/master-thesis/frouros_adapted/stepd.py:250: RuntimeWarning: divide by zero encountered in scalar divide
  statistic = (
/pfs/work7/workspace/scratch/ma_ngabrek-master-thesis/master-thesis/frouros_adapted/stepd.py:250: RuntimeWarning: divide by zero encountered in scalar divide
  statistic = (
/pfs/work7/workspace/scratch/ma_ngabrek-master-thesis/master-thesis/frouros_adapted/stepd.py:250: RuntimeWarning: divide by zero encountered in scalar divide
  statistic = (
/pfs/work7/workspace/scratch/ma_ngabrek-master-thesis/master-thesis/frouros_adapted/stepd.py:250: RuntimeWarning: divide by zero encountered in scalar divide
  statistic = (
/pfs/work7/workspace/scratch/ma_ngabrek-master-thesis/master-thesis/frouros_adapted/stepd.py:250: RuntimeWarning: divide by zero encountered in scalar divide
  statistic = (
/pfs/work7/workspace/scratch/ma_ngabrek-master-thesis/master-thesis/frouros_adapted/stepd.py:250: RuntimeWarning: divide by zero encountered in scalar divide
  statistic = (
/pfs/work7/workspace/scratch/ma_ngabrek-master-thesis/master-thesis/frouros_adapted/stepd.py:250: RuntimeWarning: divide by zero encountered in scalar divide
  statistic = (
/pfs/work7/workspace/scratch/ma_ngabrek-master-thesis/master-thesis/frouros_adapted/stepd.py:250: RuntimeWarning: divide by zero encountered in scalar divide
  statistic = (
/pfs/work7/workspace/scratch/ma_ngabrek-master-thesis/master-thesis/frouros_adapted/stepd.py:250: RuntimeWarning: divide by zero encountered in scalar divide
  statistic = (
/pfs/work7/workspace/scratch/ma_ngabrek-master-thesis/master-thesis/frouros_adapted/stepd.py:250: RuntimeWarning: divide by zero encountered in scalar divide
  statistic = (
/pfs/work7/workspace/scratch/ma_ngabrek-master-thesis/master-thesis/frouros_adapted/adwin.py:326: RuntimeWarning: invalid value encountered in sqrt
  np.sqrt(2 * m_reciprocal * self.variance_window * delta_prime)
/pfs/work7/workspace/scratch/ma_ngabrek-master-thesis/master-thesis/frouros_adapted/stepd.py:250: RuntimeWarning: divide by zero encountered in scalar divide
  statistic = (
/pfs/work7/workspace/scratch/ma_ngabrek-master-thesis/master-thesis/frouros_adapted/stepd.py:250: RuntimeWarning: divide by zero encountered in scalar divide
  statistic = (
/pfs/work7/workspace/scratch/ma_ngabrek-master-thesis/master-thesis/frouros_adapted/stepd.py:250: RuntimeWarning: divide by zero encountered in scalar divide
  statistic = (
/pfs/work7/workspace/scratch/ma_ngabrek-master-thesis/master-thesis/frouros_adapted/stepd.py:250: RuntimeWarning: divide by zero encountered in scalar divide
  statistic = (
/pfs/work7/workspace/scratch/ma_ngabrek-master-thesis/master-thesis/frouros_adapted/adwin.py:326: RuntimeWarning: invalid value encountered in sqrt
  np.sqrt(2 * m_reciprocal * self.variance_window * delta_prime)
/pfs/work7/workspace/scratch/ma_ngabrek-master-thesis/master-thesis/frouros_adapted/stepd.py:250: RuntimeWarning: divide by zero encountered in scalar divide
  statistic = (
/pfs/work7/workspace/scratch/ma_ngabrek-master-thesis/master-thesis/frouros_adapted/stepd.py:250: RuntimeWarning: divide by zero encountered in scalar divide
  statistic = (
/pfs/work7/workspace/scratch/ma_ngabrek-master-thesis/master-thesis/frouros_adapted/stepd.py:250: RuntimeWarning: divide by zero encountered in scalar divide
  statistic = (
/pfs/work7/workspace/scratch/ma_ngabrek-master-thesis/master-thesis/frouros_adapted/stepd.py:250: RuntimeWarning: divide by zero encountered in scalar divide
  statistic = (
/pfs/work7/workspace/scratch/ma_ngabrek-master-thesis/master-thesis/frouros_adapted/stepd.py:250: RuntimeWarning: divide by zero encountered in scalar divide
  statistic = (
/pfs/work7/workspace/scratch/ma_ngabrek-master-thesis/master-thesis/frouros_adapted/stepd.py:250: RuntimeWarning: divide by zero encountered in scalar divide
  statistic = (
/pfs/work7/workspace/scratch/ma_ngabrek-master-thesis/master-thesis/frouros_adapted/stepd.py:250: RuntimeWarning: divide by zero encountered in scalar divide
  statistic = (
/pfs/work7/workspace/scratch/ma_ngabrek-master-thesis/master-thesis/frouros_adapted/stepd.py:250: RuntimeWarning: divide by zero encountered in scalar divide
  statistic = (
/pfs/work7/workspace/scratch/ma_ngabrek-master-thesis/master-thesis/frouros_adapted/stepd.py:250: RuntimeWarning: divide by zero encountered in scalar divide
  statistic = (
/pfs/work7/workspace/scratch/ma_ngabrek-master-thesis/master-thesis/frouros_adapted/stepd.py:250: RuntimeWarning: divide by zero encountered in scalar divide
  statistic = (
/pfs/work7/workspace/scratch/ma_ngabrek-master-thesis/master-thesis/frouros_adapted/stepd.py:250: RuntimeWarning: divide by zero encountered in scalar divide
  statistic = (
/pfs/work7/workspace/scratch/ma_ngabrek-master-thesis/master-thesis/frouros_adapted/stepd.py:250: RuntimeWarning: divide by zero encountered in scalar divide
  statistic = (
/pfs/work7/workspace/scratch/ma_ngabrek-master-thesis/master-thesis/frouros_adapted/stepd.py:250: RuntimeWarning: divide by zero encountered in scalar divide
  statistic = (
/pfs/work7/workspace/scratch/ma_ngabrek-master-thesis/master-thesis/frouros_adapted/stepd.py:250: RuntimeWarning: divide by zero encountered in scalar divide
  statistic = (
/pfs/work7/workspace/scratch/ma_ngabrek-master-thesis/master-thesis/frouros_adapted/stepd.py:250: RuntimeWarning: divide by zero encountered in scalar divide
  statistic = (
/pfs/work7/workspace/scratch/ma_ngabrek-master-thesis/master-thesis/frouros_adapted/stepd.py:250: RuntimeWarning: divide by zero encountered in scalar divide
  statistic = (
/pfs/work7/workspace/scratch/ma_ngabrek-master-thesis/master-thesis/frouros_adapted/stepd.py:250: RuntimeWarning: divide by zero encountered in scalar divide
  statistic = (
/pfs/work7/workspace/scratch/ma_ngabrek-master-thesis/master-thesis/frouros_adapted/stepd.py:250: RuntimeWarning: divide by zero encountered in scalar divide
  statistic = (
/pfs/work7/workspace/scratch/ma_ngabrek-master-thesis/master-thesis/frouros_adapted/stepd.py:250: RuntimeWarning: divide by zero encountered in scalar divide
  statistic = (
/pfs/work7/workspace/scratch/ma_ngabrek-master-thesis/master-thesis/frouros_adapted/stepd.py:250: RuntimeWarning: divide by zero encountered in scalar divide
  statistic = (
/pfs/work7/workspace/scratch/ma_ngabrek-master-thesis/master-thesis/frouros_adapted/stepd.py:250: RuntimeWarning: divide by zero encountered in scalar divide
  statistic = (
/pfs/work7/workspace/scratch/ma_ngabrek-master-thesis/master-thesis/frouros_adapted/stepd.py:250: RuntimeWarning: divide by zero encountered in scalar divide
  statistic = (
/pfs/work7/workspace/scratch/ma_ngabrek-master-thesis/master-thesis/frouros_adapted/stepd.py:250: RuntimeWarning: divide by zero encountered in scalar divide
  statistic = (
/pfs/work7/workspace/scratch/ma_ngabrek-master-thesis/master-thesis/frouros_adapted/adwin.py:326: RuntimeWarning: invalid value encountered in sqrt
  np.sqrt(2 * m_reciprocal * self.variance_window * delta_prime)
/pfs/work7/workspace/scratch/ma_ngabrek-master-thesis/master-thesis/frouros_adapted/stepd.py:250: RuntimeWarning: divide by zero encountered in scalar divide
  statistic = (
/pfs/work7/workspace/scratch/ma_ngabrek-master-thesis/master-thesis/frouros_adapted/stepd.py:250: RuntimeWarning: divide by zero encountered in scalar divide
  statistic = (
/pfs/work7/workspace/scratch/ma_ngabrek-master-thesis/master-thesis/frouros_adapted/stepd.py:250: RuntimeWarning: divide by zero encountered in scalar divide
  statistic = (
/pfs/work7/workspace/scratch/ma_ngabrek-master-thesis/master-thesis/frouros_adapted/stepd.py:250: RuntimeWarning: divide by zero encountered in scalar divide
  statistic = (
/pfs/work7/workspace/scratch/ma_ngabrek-master-thesis/master-thesis/frouros_adapted/stepd.py:250: RuntimeWarning: divide by zero encountered in scalar divide
  statistic = (
/pfs/work7/workspace/scratch/ma_ngabrek-master-thesis/master-thesis/frouros_adapted/stepd.py:250: RuntimeWarning: divide by zero encountered in scalar divide
  statistic = (
/pfs/work7/workspace/scratch/ma_ngabrek-master-thesis/master-thesis/frouros_adapted/stepd.py:250: RuntimeWarning: divide by zero encountered in scalar divide
  statistic = (
/pfs/work7/workspace/scratch/ma_ngabrek-master-thesis/master-thesis/frouros_adapted/stepd.py:250: RuntimeWarning: divide by zero encountered in scalar divide
  statistic = (
/pfs/work7/workspace/scratch/ma_ngabrek-master-thesis/master-thesis/frouros_adapted/stepd.py:250: RuntimeWarning: divide by zero encountered in scalar divide
  statistic = (
/pfs/work7/workspace/scratch/ma_ngabrek-master-thesis/master-thesis/frouros_adapted/adwin.py:326: RuntimeWarning: invalid value encountered in sqrt
  np.sqrt(2 * m_reciprocal * self.variance_window * delta_prime)
/pfs/work7/workspace/scratch/ma_ngabrek-master-thesis/master-thesis/frouros_adapted/stepd.py:250: RuntimeWarning: divide by zero encountered in scalar divide
  statistic = (
/pfs/work7/workspace/scratch/ma_ngabrek-master-thesis/master-thesis/frouros_adapted/stepd.py:250: RuntimeWarning: divide by zero encountered in scalar divide
  statistic = (
/pfs/work7/workspace/scratch/ma_ngabrek-master-thesis/master-thesis/frouros_adapted/stepd.py:250: RuntimeWarning: divide by zero encountered in scalar divide
  statistic = (
/pfs/work7/workspace/scratch/ma_ngabrek-master-thesis/master-thesis/frouros_adapted/stepd.py:250: RuntimeWarning: divide by zero encountered in scalar divide
  statistic = (
/pfs/work7/workspace/scratch/ma_ngabrek-master-thesis/master-thesis/frouros_adapted/adwin.py:326: RuntimeWarning: invalid value encountered in sqrt
  np.sqrt(2 * m_reciprocal * self.variance_window * delta_prime)
/pfs/work7/workspace/scratch/ma_ngabrek-master-thesis/master-thesis/frouros_adapted/stepd.py:250: RuntimeWarning: divide by zero encountered in scalar divide
  statistic = (
/pfs/work7/workspace/scratch/ma_ngabrek-master-thesis/master-thesis/frouros_adapted/stepd.py:250: RuntimeWarning: divide by zero encountered in scalar divide
  statistic = (
/pfs/work7/workspace/scratch/ma_ngabrek-master-thesis/master-thesis/frouros_adapted/stepd.py:250: RuntimeWarning: divide by zero encountered in scalar divide
  statistic = (
/pfs/work7/workspace/scratch/ma_ngabrek-master-thesis/master-thesis/frouros_adapted/stepd.py:250: RuntimeWarning: divide by zero encountered in scalar divide
  statistic = (
/pfs/work7/workspace/scratch/ma_ngabrek-master-thesis/master-thesis/frouros_adapted/stepd.py:250: RuntimeWarning: divide by zero encountered in scalar divide
  statistic = (
/pfs/work7/workspace/scratch/ma_ngabrek-master-thesis/master-thesis/frouros_adapted/stepd.py:250: RuntimeWarning: divide by zero encountered in scalar divide
  statistic = (
/pfs/work7/workspace/scratch/ma_ngabrek-master-thesis/master-thesis/frouros_adapted/stepd.py:250: RuntimeWarning: divide by zero encountered in scalar divide
  statistic = (
/pfs/work7/workspace/scratch/ma_ngabrek-master-thesis/master-thesis/frouros_adapted/stepd.py:250: RuntimeWarning: divide by zero encountered in scalar divide
  statistic = (
/pfs/work7/workspace/scratch/ma_ngabrek-master-thesis/master-thesis/frouros_adapted/stepd.py:250: RuntimeWarning: divide by zero encountered in scalar divide
  statistic = (
/pfs/work7/workspace/scratch/ma_ngabrek-master-thesis/master-thesis/frouros_adapted/stepd.py:250: RuntimeWarning: divide by zero encountered in scalar divide
  statistic = (
/pfs/work7/workspace/scratch/ma_ngabrek-master-thesis/master-thesis/frouros_adapted/stepd.py:250: RuntimeWarning: divide by zero encountered in scalar divide
  statistic = (
/pfs/work7/workspace/scratch/ma_ngabrek-master-thesis/master-thesis/frouros_adapted/stepd.py:250: RuntimeWarning: divide by zero encountered in scalar divide
  statistic = (
/pfs/work7/workspace/scratch/ma_ngabrek-master-thesis/master-thesis/frouros_adapted/stepd.py:250: RuntimeWarning: divide by zero encountered in scalar divide
  statistic = (
/pfs/work7/workspace/scratch/ma_ngabrek-master-thesis/master-thesis/frouros_adapted/stepd.py:250: RuntimeWarning: divide by zero encountered in scalar divide
  statistic = (
/pfs/work7/workspace/scratch/ma_ngabrek-master-thesis/master-thesis/frouros_adapted/stepd.py:250: RuntimeWarning: divide by zero encountered in scalar divide
  statistic = (
/pfs/work7/workspace/scratch/ma_ngabrek-master-thesis/master-thesis/frouros_adapted/stepd.py:250: RuntimeWarning: divide by zero encountered in scalar divide
  statistic = (
/pfs/work7/workspace/scratch/ma_ngabrek-master-thesis/master-thesis/frouros_adapted/stepd.py:250: RuntimeWarning: divide by zero encountered in scalar divide
  statistic = (
/pfs/work7/workspace/scratch/ma_ngabrek-master-thesis/master-thesis/frouros_adapted/stepd.py:250: RuntimeWarning: divide by zero encountered in scalar divide
  statistic = (
/pfs/work7/workspace/scratch/ma_ngabrek-master-thesis/master-thesis/frouros_adapted/stepd.py:250: RuntimeWarning: divide by zero encountered in scalar divide
  statistic = (
/pfs/work7/workspace/scratch/ma_ngabrek-master-thesis/master-thesis/frouros_adapted/stepd.py:250: RuntimeWarning: divide by zero encountered in scalar divide
  statistic = (
/pfs/work7/workspace/scratch/ma_ngabrek-master-thesis/master-thesis/frouros_adapted/stepd.py:250: RuntimeWarning: divide by zero encountered in scalar divide
  statistic = (
/pfs/work7/workspace/scratch/ma_ngabrek-master-thesis/master-thesis/frouros_adapted/stepd.py:250: RuntimeWarning: divide by zero encountered in scalar divide
  statistic = (
/pfs/work7/workspace/scratch/ma_ngabrek-master-thesis/master-thesis/frouros_adapted/stepd.py:250: RuntimeWarning: divide by zero encountered in scalar divide
  statistic = (
/pfs/work7/workspace/scratch/ma_ngabrek-master-thesis/master-thesis/frouros_adapted/stepd.py:250: RuntimeWarning: divide by zero encountered in scalar divide
  statistic = (
/pfs/work7/workspace/scratch/ma_ngabrek-master-thesis/master-thesis/frouros_adapted/stepd.py:250: RuntimeWarning: divide by zero encountered in scalar divide
  statistic = (
/pfs/work7/workspace/scratch/ma_ngabrek-master-thesis/master-thesis/frouros_adapted/stepd.py:250: RuntimeWarning: divide by zero encountered in scalar divide
  statistic = (
/pfs/work7/workspace/scratch/ma_ngabrek-master-thesis/master-thesis/frouros_adapted/stepd.py:250: RuntimeWarning: divide by zero encountered in scalar divide
  statistic = (
/pfs/work7/workspace/scratch/ma_ngabrek-master-thesis/master-thesis/frouros_adapted/stepd.py:250: RuntimeWarning: divide by zero encountered in scalar divide
  statistic = (
/pfs/work7/workspace/scratch/ma_ngabrek-master-thesis/master-thesis/frouros_adapted/stepd.py:250: RuntimeWarning: divide by zero encountered in scalar divide
  statistic = (
/pfs/work7/workspace/scratch/ma_ngabrek-master-thesis/master-thesis/frouros_adapted/stepd.py:250: RuntimeWarning: divide by zero encountered in scalar divide
  statistic = (
/pfs/work7/workspace/scratch/ma_ngabrek-master-thesis/master-thesis/frouros_adapted/stepd.py:250: RuntimeWarning: divide by zero encountered in scalar divide
  statistic = (
/pfs/work7/workspace/scratch/ma_ngabrek-master-thesis/master-thesis/frouros_adapted/stepd.py:250: RuntimeWarning: divide by zero encountered in scalar divide
  statistic = (
/pfs/work7/workspace/scratch/ma_ngabrek-master-thesis/master-thesis/frouros_adapted/stepd.py:250: RuntimeWarning: divide by zero encountered in scalar divide
  statistic = (
/pfs/work7/workspace/scratch/ma_ngabrek-master-thesis/master-thesis/frouros_adapted/stepd.py:250: RuntimeWarning: divide by zero encountered in scalar divide
  statistic = (
/pfs/work7/workspace/scratch/ma_ngabrek-master-thesis/master-thesis/frouros_adapted/stepd.py:250: RuntimeWarning: divide by zero encountered in scalar divide
  statistic = (
/pfs/work7/workspace/scratch/ma_ngabrek-master-thesis/master-thesis/frouros_adapted/stepd.py:250: RuntimeWarning: divide by zero encountered in scalar divide
  statistic = (
/pfs/work7/workspace/scratch/ma_ngabrek-master-thesis/master-thesis/frouros_adapted/stepd.py:250: RuntimeWarning: divide by zero encountered in scalar divide
  statistic = (
/pfs/work7/workspace/scratch/ma_ngabrek-master-thesis/master-thesis/frouros_adapted/stepd.py:250: RuntimeWarning: divide by zero encountered in scalar divide
  statistic = (
/pfs/work7/workspace/scratch/ma_ngabrek-master-thesis/master-thesis/frouros_adapted/stepd.py:250: RuntimeWarning: divide by zero encountered in scalar divide
  statistic = (
/pfs/work7/workspace/scratch/ma_ngabrek-master-thesis/master-thesis/frouros_adapted/stepd.py:250: RuntimeWarning: divide by zero encountered in scalar divide
  statistic = (
/pfs/work7/workspace/scratch/ma_ngabrek-master-thesis/master-thesis/frouros_adapted/stepd.py:250: RuntimeWarning: divide by zero encountered in scalar divide
  statistic = (
/pfs/work7/workspace/scratch/ma_ngabrek-master-thesis/master-thesis/frouros_adapted/stepd.py:250: RuntimeWarning: divide by zero encountered in scalar divide
  statistic = (
/pfs/work7/workspace/scratch/ma_ngabrek-master-thesis/master-thesis/frouros_adapted/stepd.py:250: RuntimeWarning: divide by zero encountered in scalar divide
  statistic = (
/pfs/work7/workspace/scratch/ma_ngabrek-master-thesis/master-thesis/frouros_adapted/stepd.py:250: RuntimeWarning: divide by zero encountered in scalar divide
  statistic = (
slurmstepd: error: *** JOB 22917724 ON uc2n274 CANCELLED AT 2023-12-11T22:48:06 DUE TO TIME LIMIT ***

============================= JOB FEEDBACK =============================

NodeName=uc2n274
Job ID: 22917724
Cluster: uc2
User/Group: ma_ngabrek/ma_ma
State: TIMEOUT (exit code 0)
Nodes: 1
Cores per node: 2
CPU Utilized: 00:00:00
CPU Efficiency: 0.00% of 6-00:00:40 core-walltime
Job Wall-clock time: 3-00:00:20
Memory Utilized: 109.01 MB
Memory Efficiency: 4.84% of 2.20 GB

# did not finish evaluation for BOLE without BOCD with seeds 151 and 201 on gradual datasets 
