/pfs/work7/workspace/scratch/ma_ngabrek-master-thesis/master-thesis/frouros_adapted/stepd.py:250: RuntimeWarning: divide by zero encountered in scalar divide
  statistic = (
/pfs/work7/workspace/scratch/ma_ngabrek-master-thesis/master-thesis/frouros_adapted/stepd.py:250: RuntimeWarning: divide by zero encountered in scalar divide
  statistic = (
/pfs/work7/workspace/scratch/ma_ngabrek-master-thesis/master-thesis/frouros_adapted/stepd.py:250: RuntimeWarning: divide by zero encountered in scalar divide
  statistic = (
/pfs/work7/workspace/scratch/ma_ngabrek-master-thesis/master-thesis/frouros_adapted/stepd.py:250: RuntimeWarning: divide by zero encountered in scalar divide
  statistic = (
/pfs/work7/workspace/scratch/ma_ngabrek-master-thesis/master-thesis/frouros_adapted/adwin.py:326: RuntimeWarning: invalid value encountered in sqrt
  np.sqrt(2 * m_reciprocal * self.variance_window * delta_prime)
/pfs/work7/workspace/scratch/ma_ngabrek-master-thesis/master-thesis/frouros_adapted/stepd.py:250: RuntimeWarning: divide by zero encountered in scalar divide
  statistic = (
/pfs/work7/workspace/scratch/ma_ngabrek-master-thesis/master-thesis/frouros_adapted/stepd.py:250: RuntimeWarning: divide by zero encountered in scalar divide
  statistic = (
/pfs/work7/workspace/scratch/ma_ngabrek-master-thesis/master-thesis/frouros_adapted/stepd.py:250: RuntimeWarning: divide by zero encountered in scalar divide
  statistic = (
/pfs/work7/workspace/scratch/ma_ngabrek-master-thesis/master-thesis/frouros_adapted/stepd.py:250: RuntimeWarning: divide by zero encountered in scalar divide
  statistic = (
/pfs/work7/workspace/scratch/ma_ngabrek-master-thesis/master-thesis/frouros_adapted/stepd.py:250: RuntimeWarning: divide by zero encountered in scalar divide
  statistic = (
/pfs/work7/workspace/scratch/ma_ngabrek-master-thesis/master-thesis/frouros_adapted/stepd.py:250: RuntimeWarning: divide by zero encountered in scalar divide
  statistic = (
/pfs/work7/workspace/scratch/ma_ngabrek-master-thesis/master-thesis/frouros_adapted/stepd.py:250: RuntimeWarning: divide by zero encountered in scalar divide
  statistic = (
/pfs/work7/workspace/scratch/ma_ngabrek-master-thesis/master-thesis/frouros_adapted/stepd.py:250: RuntimeWarning: divide by zero encountered in scalar divide
  statistic = (
/pfs/work7/workspace/scratch/ma_ngabrek-master-thesis/master-thesis/frouros_adapted/stepd.py:250: RuntimeWarning: divide by zero encountered in scalar divide
  statistic = (
/pfs/work7/workspace/scratch/ma_ngabrek-master-thesis/master-thesis/frouros_adapted/adwin.py:326: RuntimeWarning: invalid value encountered in sqrt
  np.sqrt(2 * m_reciprocal * self.variance_window * delta_prime)
/pfs/work7/workspace/scratch/ma_ngabrek-master-thesis/master-thesis/frouros_adapted/stepd.py:250: RuntimeWarning: divide by zero encountered in scalar divide
  statistic = (

============================= JOB FEEDBACK =============================

NodeName=uc2n274
Job ID: 22917721
Cluster: uc2
User/Group: ma_ngabrek/ma_ma
State: COMPLETED (exit code 0)
Nodes: 1
Cores per node: 2
CPU Utilized: 1-00:18:56
CPU Efficiency: 49.70% of 2-00:55:38 core-walltime
Job Wall-clock time: 1-00:27:49
Memory Utilized: 1.13 GB
Memory Efficiency: 51.65% of 2.20 GB
