/pfs/work7/workspace/scratch/ma_ngabrek-master-thesis/master-thesis/river_adapted/concept_drift_stream.py:144: RuntimeWarning: overflow encountered in exp
  probability_drift = 1.0 / (1.0 + np.exp(v))
/pfs/work7/workspace/scratch/ma_ngabrek-master-thesis/master-thesis/river_adapted/concept_drift_stream.py:144: RuntimeWarning: overflow encountered in exp
  probability_drift = 1.0 / (1.0 + np.exp(v))
/pfs/work7/workspace/scratch/ma_ngabrek-master-thesis/master-thesis/river_adapted/concept_drift_stream.py:144: RuntimeWarning: overflow encountered in exp
  probability_drift = 1.0 / (1.0 + np.exp(v))
/pfs/work7/workspace/scratch/ma_ngabrek-master-thesis/master-thesis/river_adapted/concept_drift_stream.py:144: RuntimeWarning: overflow encountered in exp
  probability_drift = 1.0 / (1.0 + np.exp(v))
/pfs/work7/workspace/scratch/ma_ngabrek-master-thesis/master-thesis/river_adapted/concept_drift_stream.py:144: RuntimeWarning: overflow encountered in exp
  probability_drift = 1.0 / (1.0 + np.exp(v))
/pfs/work7/workspace/scratch/ma_ngabrek-master-thesis/master-thesis/river_adapted/concept_drift_stream.py:144: RuntimeWarning: overflow encountered in exp
  probability_drift = 1.0 / (1.0 + np.exp(v))
/pfs/work7/workspace/scratch/ma_ngabrek-master-thesis/master-thesis/river_adapted/concept_drift_stream.py:144: RuntimeWarning: overflow encountered in exp
  probability_drift = 1.0 / (1.0 + np.exp(v))
/pfs/work7/workspace/scratch/ma_ngabrek-master-thesis/master-thesis/river_adapted/concept_drift_stream.py:144: RuntimeWarning: overflow encountered in exp
  probability_drift = 1.0 / (1.0 + np.exp(v))
/pfs/work7/workspace/scratch/ma_ngabrek-master-thesis/master-thesis/river_adapted/concept_drift_stream.py:144: RuntimeWarning: overflow encountered in exp
  probability_drift = 1.0 / (1.0 + np.exp(v))
/pfs/work7/workspace/scratch/ma_ngabrek-master-thesis/master-thesis/river_adapted/concept_drift_stream.py:144: RuntimeWarning: overflow encountered in exp
  probability_drift = 1.0 / (1.0 + np.exp(v))
/pfs/work7/workspace/scratch/ma_ngabrek-master-thesis/master-thesis/river_adapted/concept_drift_stream.py:144: RuntimeWarning: overflow encountered in exp
  probability_drift = 1.0 / (1.0 + np.exp(v))
/pfs/work7/workspace/scratch/ma_ngabrek-master-thesis/master-thesis/river_adapted/concept_drift_stream.py:144: RuntimeWarning: overflow encountered in exp
  probability_drift = 1.0 / (1.0 + np.exp(v))
/pfs/work7/workspace/scratch/ma_ngabrek-master-thesis/master-thesis/river_adapted/concept_drift_stream.py:144: RuntimeWarning: overflow encountered in exp
  probability_drift = 1.0 / (1.0 + np.exp(v))
/pfs/work7/workspace/scratch/ma_ngabrek-master-thesis/master-thesis/river_adapted/concept_drift_stream.py:144: RuntimeWarning: overflow encountered in exp
  probability_drift = 1.0 / (1.0 + np.exp(v))
/pfs/work7/workspace/scratch/ma_ngabrek-master-thesis/master-thesis/river_adapted/concept_drift_stream.py:144: RuntimeWarning: overflow encountered in exp
  probability_drift = 1.0 / (1.0 + np.exp(v))
/pfs/work7/workspace/scratch/ma_ngabrek-master-thesis/master-thesis/river_adapted/concept_drift_stream.py:144: RuntimeWarning: overflow encountered in exp
  probability_drift = 1.0 / (1.0 + np.exp(v))
/pfs/work7/workspace/scratch/ma_ngabrek-master-thesis/master-thesis/river_adapted/concept_drift_stream.py:144: RuntimeWarning: overflow encountered in exp
  probability_drift = 1.0 / (1.0 + np.exp(v))
/pfs/work7/workspace/scratch/ma_ngabrek-master-thesis/master-thesis/river_adapted/concept_drift_stream.py:144: RuntimeWarning: overflow encountered in exp
  probability_drift = 1.0 / (1.0 + np.exp(v))
/pfs/work7/workspace/scratch/ma_ngabrek-master-thesis/master-thesis/river_adapted/concept_drift_stream.py:144: RuntimeWarning: overflow encountered in exp
  probability_drift = 1.0 / (1.0 + np.exp(v))
/pfs/work7/workspace/scratch/ma_ngabrek-master-thesis/master-thesis/river_adapted/concept_drift_stream.py:144: RuntimeWarning: overflow encountered in exp
  probability_drift = 1.0 / (1.0 + np.exp(v))
/pfs/work7/workspace/scratch/ma_ngabrek-master-thesis/master-thesis/river_adapted/concept_drift_stream.py:144: RuntimeWarning: overflow encountered in exp
  probability_drift = 1.0 / (1.0 + np.exp(v))
/pfs/work7/workspace/scratch/ma_ngabrek-master-thesis/master-thesis/river_adapted/concept_drift_stream.py:144: RuntimeWarning: overflow encountered in exp
  probability_drift = 1.0 / (1.0 + np.exp(v))
/pfs/work7/workspace/scratch/ma_ngabrek-master-thesis/master-thesis/river_adapted/concept_drift_stream.py:144: RuntimeWarning: overflow encountered in exp
  probability_drift = 1.0 / (1.0 + np.exp(v))
/pfs/work7/workspace/scratch/ma_ngabrek-master-thesis/master-thesis/river_adapted/concept_drift_stream.py:144: RuntimeWarning: overflow encountered in exp
  probability_drift = 1.0 / (1.0 + np.exp(v))
/pfs/work7/workspace/scratch/ma_ngabrek-master-thesis/master-thesis/river_adapted/concept_drift_stream.py:144: RuntimeWarning: overflow encountered in exp
  probability_drift = 1.0 / (1.0 + np.exp(v))
/pfs/work7/workspace/scratch/ma_ngabrek-master-thesis/master-thesis/river_adapted/concept_drift_stream.py:144: RuntimeWarning: overflow encountered in exp
  probability_drift = 1.0 / (1.0 + np.exp(v))
/pfs/work7/workspace/scratch/ma_ngabrek-master-thesis/master-thesis/river_adapted/concept_drift_stream.py:144: RuntimeWarning: overflow encountered in exp
  probability_drift = 1.0 / (1.0 + np.exp(v))
/pfs/work7/workspace/scratch/ma_ngabrek-master-thesis/master-thesis/river_adapted/concept_drift_stream.py:144: RuntimeWarning: overflow encountered in exp
  probability_drift = 1.0 / (1.0 + np.exp(v))
/pfs/work7/workspace/scratch/ma_ngabrek-master-thesis/master-thesis/river_adapted/concept_drift_stream.py:144: RuntimeWarning: overflow encountered in exp
  probability_drift = 1.0 / (1.0 + np.exp(v))
/pfs/work7/workspace/scratch/ma_ngabrek-master-thesis/master-thesis/river_adapted/concept_drift_stream.py:144: RuntimeWarning: overflow encountered in exp
  probability_drift = 1.0 / (1.0 + np.exp(v))
BOLE_BOCD_F
reset
BOLE_BOCD_F
reset
BOLE_BOCD_F
reset
BOLE_BOCD_F
reset
BOLE_BOCD_F
reset
BOLE_BOCD_F
reset
BOLE_BOCD_F
reset
BOLE_BOCD_F
reset
BOLE_BOCD_F
reset
BOLE_BOCD_F
reset
BOLE_BOCD_F
reset
BOLE_BOCD_F
reset
BOLE_BOCD_F
reset
BOLE_BOCD_F
reset
BOLE_BOCD_F
reset
BOLE_BOCD_F
reset
BOLE_BOCD_F
reset
BOLE_BOCD_F
reset
BOLE_BOCD_F
reset
BOLE_BOCD_F
reset
BOLE_BOCD_F
reset
BOLE_BOCD_F
reset
BOLE_BOCD_F
reset
BOLE_BOCD_F
reset
BOLE_BOCD_F
reset
BOLE_BOCD_F
reset
BOLE_BOCD_F
reset
BOLE_BOCD_F
reset
BOLE_BOCD_F
reset
BOLE_BOCD_F
reset

============================= JOB FEEDBACK =============================

NodeName=uc2n268
Job ID: 22985140
Cluster: uc2
User/Group: ma_ngabrek/ma_ma
State: COMPLETED (exit code 0)
Nodes: 1
Cores per node: 2
CPU Utilized: 2-09:16:14
CPU Efficiency: 49.73% of 4-19:09:54 core-walltime
Job Wall-clock time: 2-09:34:57
Memory Utilized: 847.85 MB
Memory Efficiency: 37.68% of 2.20 GB
