/pfs/work7/workspace/scratch/ma_ngabrek-master-thesis/master-thesis/river_adapted/concept_drift_stream.py:144: RuntimeWarning: overflow encountered in exp
  probability_drift = 1.0 / (1.0 + np.exp(v))
/pfs/work7/workspace/scratch/ma_ngabrek-master-thesis/master-thesis/river_adapted/concept_drift_stream.py:144: RuntimeWarning: overflow encountered in exp
  probability_drift = 1.0 / (1.0 + np.exp(v))
/pfs/work7/workspace/scratch/ma_ngabrek-master-thesis/master-thesis/river_adapted/concept_drift_stream.py:144: RuntimeWarning: overflow encountered in exp
  probability_drift = 1.0 / (1.0 + np.exp(v))
/pfs/work7/workspace/scratch/ma_ngabrek-master-thesis/master-thesis/river_adapted/concept_drift_stream.py:144: RuntimeWarning: overflow encountered in exp
  probability_drift = 1.0 / (1.0 + np.exp(v))
/pfs/work7/workspace/scratch/ma_ngabrek-master-thesis/master-thesis/river_adapted/concept_drift_stream.py:144: RuntimeWarning: overflow encountered in exp
  probability_drift = 1.0 / (1.0 + np.exp(v))
/pfs/work7/workspace/scratch/ma_ngabrek-master-thesis/master-thesis/river_adapted/concept_drift_stream.py:144: RuntimeWarning: overflow encountered in exp
  probability_drift = 1.0 / (1.0 + np.exp(v))
/pfs/work7/workspace/scratch/ma_ngabrek-master-thesis/master-thesis/river_adapted/concept_drift_stream.py:144: RuntimeWarning: overflow encountered in exp
  probability_drift = 1.0 / (1.0 + np.exp(v))
/pfs/work7/workspace/scratch/ma_ngabrek-master-thesis/master-thesis/river_adapted/concept_drift_stream.py:144: RuntimeWarning: overflow encountered in exp
  probability_drift = 1.0 / (1.0 + np.exp(v))
/pfs/work7/workspace/scratch/ma_ngabrek-master-thesis/master-thesis/river_adapted/concept_drift_stream.py:144: RuntimeWarning: overflow encountered in exp
  probability_drift = 1.0 / (1.0 + np.exp(v))
/pfs/work7/workspace/scratch/ma_ngabrek-master-thesis/master-thesis/river_adapted/concept_drift_stream.py:144: RuntimeWarning: overflow encountered in exp
  probability_drift = 1.0 / (1.0 + np.exp(v))
/pfs/work7/workspace/scratch/ma_ngabrek-master-thesis/master-thesis/river_adapted/concept_drift_stream.py:144: RuntimeWarning: overflow encountered in exp
  probability_drift = 1.0 / (1.0 + np.exp(v))
/pfs/work7/workspace/scratch/ma_ngabrek-master-thesis/master-thesis/river_adapted/concept_drift_stream.py:144: RuntimeWarning: overflow encountered in exp
  probability_drift = 1.0 / (1.0 + np.exp(v))
/pfs/work7/workspace/scratch/ma_ngabrek-master-thesis/master-thesis/river_adapted/concept_drift_stream.py:144: RuntimeWarning: overflow encountered in exp
  probability_drift = 1.0 / (1.0 + np.exp(v))
/pfs/work7/workspace/scratch/ma_ngabrek-master-thesis/master-thesis/river_adapted/concept_drift_stream.py:144: RuntimeWarning: overflow encountered in exp
  probability_drift = 1.0 / (1.0 + np.exp(v))
/pfs/work7/workspace/scratch/ma_ngabrek-master-thesis/master-thesis/river_adapted/concept_drift_stream.py:144: RuntimeWarning: overflow encountered in exp
  probability_drift = 1.0 / (1.0 + np.exp(v))
/pfs/work7/workspace/scratch/ma_ngabrek-master-thesis/master-thesis/river_adapted/concept_drift_stream.py:144: RuntimeWarning: overflow encountered in exp
  probability_drift = 1.0 / (1.0 + np.exp(v))
/pfs/work7/workspace/scratch/ma_ngabrek-master-thesis/master-thesis/river_adapted/concept_drift_stream.py:144: RuntimeWarning: overflow encountered in exp
  probability_drift = 1.0 / (1.0 + np.exp(v))
/pfs/work7/workspace/scratch/ma_ngabrek-master-thesis/master-thesis/river_adapted/concept_drift_stream.py:144: RuntimeWarning: overflow encountered in exp
  probability_drift = 1.0 / (1.0 + np.exp(v))
/pfs/work7/workspace/scratch/ma_ngabrek-master-thesis/master-thesis/river_adapted/concept_drift_stream.py:144: RuntimeWarning: overflow encountered in exp
  probability_drift = 1.0 / (1.0 + np.exp(v))
/pfs/work7/workspace/scratch/ma_ngabrek-master-thesis/master-thesis/river_adapted/concept_drift_stream.py:144: RuntimeWarning: overflow encountered in exp
  probability_drift = 1.0 / (1.0 + np.exp(v))
/pfs/work7/workspace/scratch/ma_ngabrek-master-thesis/master-thesis/river_adapted/concept_drift_stream.py:144: RuntimeWarning: overflow encountered in exp
  probability_drift = 1.0 / (1.0 + np.exp(v))
/pfs/work7/workspace/scratch/ma_ngabrek-master-thesis/master-thesis/river_adapted/concept_drift_stream.py:144: RuntimeWarning: overflow encountered in exp
  probability_drift = 1.0 / (1.0 + np.exp(v))
/pfs/work7/workspace/scratch/ma_ngabrek-master-thesis/master-thesis/river_adapted/concept_drift_stream.py:144: RuntimeWarning: overflow encountered in exp
  probability_drift = 1.0 / (1.0 + np.exp(v))
/pfs/work7/workspace/scratch/ma_ngabrek-master-thesis/master-thesis/river_adapted/concept_drift_stream.py:144: RuntimeWarning: overflow encountered in exp
  probability_drift = 1.0 / (1.0 + np.exp(v))
/pfs/work7/workspace/scratch/ma_ngabrek-master-thesis/master-thesis/river_adapted/concept_drift_stream.py:144: RuntimeWarning: overflow encountered in exp
  probability_drift = 1.0 / (1.0 + np.exp(v))
/pfs/work7/workspace/scratch/ma_ngabrek-master-thesis/master-thesis/river_adapted/concept_drift_stream.py:144: RuntimeWarning: overflow encountered in exp
  probability_drift = 1.0 / (1.0 + np.exp(v))
/pfs/work7/workspace/scratch/ma_ngabrek-master-thesis/master-thesis/river_adapted/concept_drift_stream.py:144: RuntimeWarning: overflow encountered in exp
  probability_drift = 1.0 / (1.0 + np.exp(v))
/pfs/work7/workspace/scratch/ma_ngabrek-master-thesis/master-thesis/river_adapted/concept_drift_stream.py:144: RuntimeWarning: overflow encountered in exp
  probability_drift = 1.0 / (1.0 + np.exp(v))
/pfs/work7/workspace/scratch/ma_ngabrek-master-thesis/master-thesis/river_adapted/concept_drift_stream.py:144: RuntimeWarning: overflow encountered in exp
  probability_drift = 1.0 / (1.0 + np.exp(v))
/pfs/work7/workspace/scratch/ma_ngabrek-master-thesis/master-thesis/river_adapted/concept_drift_stream.py:144: RuntimeWarning: overflow encountered in exp
  probability_drift = 1.0 / (1.0 + np.exp(v))
NB_BOCD_F
reset
NB_BOCD_F
reset
NB_BOCD_F
reset
NB_BOCD_F
reset
NB_BOCD_F
reset
NB_BOCD_F
reset
NB_BOCD_F
reset
NB_BOCD_F
reset
NB_BOCD_F
reset
NB_BOCD_F
reset
NB_BOCD_F
reset
NB_BOCD_F
reset
NB_BOCD_F
reset
NB_BOCD_F
reset
NB_BOCD_F
reset
NB_BOCD_F
reset
NB_BOCD_F
reset
NB_BOCD_F
reset
NB_BOCD_F
reset
NB_BOCD_F
reset
NB_BOCD_F
reset
NB_BOCD_F
reset
NB_BOCD_F
reset
NB_BOCD_F
reset
NB_BOCD_F
reset
NB_BOCD_F
reset
NB_BOCD_F
reset
NB_BOCD_F
reset
NB_BOCD_F
reset
NB_BOCD_F
reset

============================= JOB FEEDBACK =============================

NodeName=uc2n269
Job ID: 22939446
Cluster: uc2
User/Group: ma_ngabrek/ma_ma
State: COMPLETED (exit code 0)
Nodes: 1
Cores per node: 2
CPU Utilized: 1-10:46:28
CPU Efficiency: 49.74% of 2-21:54:24 core-walltime
Job Wall-clock time: 1-10:57:12
Memory Utilized: 1.92 GB
Memory Efficiency: 87.30% of 2.20 GB
