/pfs/work7/workspace/scratch/ma_ngabrek-master-thesis/master-thesis/frouros_adapted/stepd.py:250: RuntimeWarning: divide by zero encountered in scalar divide
  statistic = (
/pfs/work7/workspace/scratch/ma_ngabrek-master-thesis/master-thesis/frouros_adapted/stepd.py:250: RuntimeWarning: divide by zero encountered in scalar divide
  statistic = (
/pfs/work7/workspace/scratch/ma_ngabrek-master-thesis/master-thesis/frouros_adapted/stepd.py:250: RuntimeWarning: divide by zero encountered in scalar divide
  statistic = (
/pfs/work7/workspace/scratch/ma_ngabrek-master-thesis/master-thesis/frouros_adapted/stepd.py:250: RuntimeWarning: divide by zero encountered in scalar divide
  statistic = (
/pfs/work7/workspace/scratch/ma_ngabrek-master-thesis/master-thesis/frouros_adapted/stepd.py:250: RuntimeWarning: divide by zero encountered in scalar divide
  statistic = (
/pfs/work7/workspace/scratch/ma_ngabrek-master-thesis/master-thesis/frouros_adapted/stepd.py:250: RuntimeWarning: divide by zero encountered in scalar divide
  statistic = (
/pfs/work7/workspace/scratch/ma_ngabrek-master-thesis/master-thesis/frouros_adapted/stepd.py:250: RuntimeWarning: divide by zero encountered in scalar divide
  statistic = (
/pfs/work7/workspace/scratch/ma_ngabrek-master-thesis/master-thesis/frouros_adapted/stepd.py:250: RuntimeWarning: divide by zero encountered in scalar divide
  statistic = (
/pfs/work7/workspace/scratch/ma_ngabrek-master-thesis/master-thesis/frouros_adapted/stepd.py:250: RuntimeWarning: divide by zero encountered in scalar divide
  statistic = (
/pfs/work7/workspace/scratch/ma_ngabrek-master-thesis/master-thesis/frouros_adapted/adwin.py:326: RuntimeWarning: invalid value encountered in sqrt
  np.sqrt(2 * m_reciprocal * self.variance_window * delta_prime)
/pfs/work7/workspace/scratch/ma_ngabrek-master-thesis/master-thesis/frouros_adapted/stepd.py:250: RuntimeWarning: divide by zero encountered in scalar divide
  statistic = (
/pfs/work7/workspace/scratch/ma_ngabrek-master-thesis/master-thesis/frouros_adapted/stepd.py:250: RuntimeWarning: divide by zero encountered in scalar divide
  statistic = (
/pfs/work7/workspace/scratch/ma_ngabrek-master-thesis/master-thesis/frouros_adapted/adwin.py:326: RuntimeWarning: invalid value encountered in sqrt
  np.sqrt(2 * m_reciprocal * self.variance_window * delta_prime)
/pfs/work7/workspace/scratch/ma_ngabrek-master-thesis/master-thesis/frouros_adapted/stepd.py:250: RuntimeWarning: divide by zero encountered in scalar divide
  statistic = (
/pfs/work7/workspace/scratch/ma_ngabrek-master-thesis/master-thesis/frouros_adapted/stepd.py:250: RuntimeWarning: divide by zero encountered in scalar divide
  statistic = (
/pfs/work7/workspace/scratch/ma_ngabrek-master-thesis/master-thesis/frouros_adapted/stepd.py:250: RuntimeWarning: divide by zero encountered in scalar divide
  statistic = (
/pfs/work7/workspace/scratch/ma_ngabrek-master-thesis/master-thesis/frouros_adapted/stepd.py:250: RuntimeWarning: divide by zero encountered in scalar divide
  statistic = (
/pfs/work7/workspace/scratch/ma_ngabrek-master-thesis/master-thesis/frouros_adapted/stepd.py:250: RuntimeWarning: divide by zero encountered in scalar divide
  statistic = (
/pfs/work7/workspace/scratch/ma_ngabrek-master-thesis/master-thesis/frouros_adapted/stepd.py:250: RuntimeWarning: divide by zero encountered in scalar divide
  statistic = (
/pfs/work7/workspace/scratch/ma_ngabrek-master-thesis/master-thesis/frouros_adapted/stepd.py:250: RuntimeWarning: divide by zero encountered in scalar divide
  statistic = (
/pfs/work7/workspace/scratch/ma_ngabrek-master-thesis/master-thesis/frouros_adapted/stepd.py:250: RuntimeWarning: divide by zero encountered in scalar divide
  statistic = (
/pfs/work7/workspace/scratch/ma_ngabrek-master-thesis/master-thesis/frouros_adapted/stepd.py:250: RuntimeWarning: divide by zero encountered in scalar divide
  statistic = (
/pfs/work7/workspace/scratch/ma_ngabrek-master-thesis/master-thesis/frouros_adapted/stepd.py:250: RuntimeWarning: divide by zero encountered in scalar divide
  statistic = (
/pfs/work7/workspace/scratch/ma_ngabrek-master-thesis/master-thesis/frouros_adapted/stepd.py:250: RuntimeWarning: divide by zero encountered in scalar divide
  statistic = (
/pfs/work7/workspace/scratch/ma_ngabrek-master-thesis/master-thesis/frouros_adapted/stepd.py:250: RuntimeWarning: divide by zero encountered in scalar divide
  statistic = (
/pfs/work7/workspace/scratch/ma_ngabrek-master-thesis/master-thesis/frouros_adapted/stepd.py:250: RuntimeWarning: divide by zero encountered in scalar divide
  statistic = (
/pfs/work7/workspace/scratch/ma_ngabrek-master-thesis/master-thesis/frouros_adapted/stepd.py:250: RuntimeWarning: divide by zero encountered in scalar divide
  statistic = (
/pfs/work7/workspace/scratch/ma_ngabrek-master-thesis/master-thesis/frouros_adapted/stepd.py:250: RuntimeWarning: divide by zero encountered in scalar divide
  statistic = (
/pfs/work7/workspace/scratch/ma_ngabrek-master-thesis/master-thesis/frouros_adapted/stepd.py:250: RuntimeWarning: divide by zero encountered in scalar divide
  statistic = (
/pfs/work7/workspace/scratch/ma_ngabrek-master-thesis/master-thesis/frouros_adapted/stepd.py:250: RuntimeWarning: divide by zero encountered in scalar divide
  statistic = (
/pfs/work7/workspace/scratch/ma_ngabrek-master-thesis/master-thesis/frouros_adapted/stepd.py:250: RuntimeWarning: divide by zero encountered in scalar divide
  statistic = (
BOLE_basic_F
BOLE_ADWIN_F
reset
BOLE_BOCD_F
reset
BOLE_CUSUM_F
reset
BOLE_DDM_F
reset
BOLE_ECDD_F
reset
BOLE_EDDM_F
reset
BOLE_GMA_F
reset
BOLE_HDDMA_F
reset
BOLE_HDDMW_F
reset
BOLE_KSWIN1_F
reset
BOLE_KSWIN51_F
reset
BOLE_KSWIN101_F
reset
BOLE_KSWIN151_F
reset
BOLE_KSWIN201_F
reset
BOLE_PH_F
reset
BOLE_RDDM_F
reset
BOLE_STEPD_F
reset
BOLE_basic_F
BOLE_ADWIN_F
reset
BOLE_BOCD_F
reset
BOLE_CUSUM_F
reset
BOLE_DDM_F
reset
BOLE_ECDD_F
reset
BOLE_EDDM_F
reset
BOLE_GMA_F
reset
BOLE_HDDMA_F
reset
BOLE_HDDMW_F
reset
BOLE_KSWIN1_F
reset
BOLE_KSWIN51_F
reset
BOLE_KSWIN101_F
reset
BOLE_KSWIN151_F
reset
BOLE_KSWIN201_F
reset
BOLE_PH_F
reset
BOLE_RDDM_F
reset
BOLE_STEPD_F
reset
BOLE_basic_F
BOLE_ADWIN_F
reset
BOLE_BOCD_F
reset
BOLE_CUSUM_F
reset
BOLE_DDM_F
reset
BOLE_ECDD_F
reset
BOLE_EDDM_F
reset
BOLE_GMA_F
reset
BOLE_HDDMA_F
reset
BOLE_HDDMW_F
reset
BOLE_KSWIN1_F
reset
BOLE_KSWIN51_F
reset
BOLE_KSWIN101_F
reset
BOLE_KSWIN151_F
reset
BOLE_KSWIN201_F
reset
BOLE_PH_F
reset
BOLE_RDDM_F
reset
BOLE_STEPD_F
reset
BOLE_basic_F
BOLE_ADWIN_F
reset
BOLE_BOCD_F
reset
BOLE_CUSUM_F
reset
BOLE_DDM_F
reset
BOLE_ECDD_F
reset
BOLE_EDDM_F
reset
BOLE_GMA_F
reset
BOLE_HDDMA_F
reset
BOLE_HDDMW_F
reset
BOLE_KSWIN1_F
reset
BOLE_KSWIN51_F
reset
BOLE_KSWIN101_F
reset
BOLE_KSWIN151_F
reset
BOLE_KSWIN201_F
reset
BOLE_PH_F
reset
BOLE_RDDM_F
reset
BOLE_STEPD_F
reset
BOLE_basic_F
BOLE_ADWIN_F
reset
BOLE_BOCD_F
reset
BOLE_CUSUM_F
reset
BOLE_DDM_F
reset
BOLE_ECDD_F
reset
BOLE_EDDM_F
reset
BOLE_GMA_F
reset
BOLE_HDDMA_F
reset
BOLE_HDDMW_F
reset
BOLE_KSWIN1_F
reset
BOLE_KSWIN51_F
reset
BOLE_KSWIN101_F
reset
BOLE_KSWIN151_F
reset
BOLE_KSWIN201_F
reset
BOLE_PH_F
reset
BOLE_RDDM_F
reset
BOLE_STEPD_F
reset
BOLE_basic_F
BOLE_ADWIN_F
reset
BOLE_BOCD_F
reset
BOLE_CUSUM_F
reset
BOLE_DDM_F
reset
BOLE_ECDD_F
reset
BOLE_EDDM_F
reset
BOLE_GMA_F
reset
BOLE_HDDMA_F
reset
BOLE_HDDMW_F
reset
BOLE_KSWIN1_F
reset
BOLE_KSWIN51_F
reset
BOLE_KSWIN101_F
reset
BOLE_KSWIN151_F
reset
BOLE_KSWIN201_F
reset
BOLE_PH_F
reset
BOLE_RDDM_F
reset
BOLE_STEPD_F
reset
BOLE_basic_F
BOLE_ADWIN_F
reset
BOLE_BOCD_F
reset
BOLE_CUSUM_F
reset
BOLE_DDM_F
reset
BOLE_ECDD_F
reset
BOLE_EDDM_F
reset
BOLE_GMA_F
reset
BOLE_HDDMA_F
reset
BOLE_HDDMW_F
reset
BOLE_KSWIN1_F
reset
BOLE_KSWIN51_F
reset
BOLE_KSWIN101_F
reset
BOLE_KSWIN151_F
reset
BOLE_KSWIN201_F
reset
BOLE_PH_F
reset
BOLE_RDDM_F
reset
BOLE_STEPD_F
reset
BOLE_basic_F
BOLE_ADWIN_F
reset
BOLE_BOCD_F
reset
BOLE_CUSUM_F
reset
BOLE_DDM_F
reset
BOLE_ECDD_F
reset
BOLE_EDDM_F
reset
BOLE_GMA_F
reset
BOLE_HDDMA_F
reset
BOLE_HDDMW_F
reset
BOLE_KSWIN1_F
reset
BOLE_KSWIN51_F
reset
BOLE_KSWIN101_F
reset
BOLE_KSWIN151_F
reset
BOLE_KSWIN201_F
reset
BOLE_PH_F
reset
BOLE_RDDM_F
reset
BOLE_STEPD_F
reset
BOLE_basic_F
BOLE_ADWIN_F
reset
BOLE_BOCD_F
reset
BOLE_CUSUM_F
reset
BOLE_DDM_F
reset
BOLE_ECDD_F
reset
BOLE_EDDM_F
reset
BOLE_GMA_F
reset
BOLE_HDDMA_F
reset
BOLE_HDDMW_F
reset
BOLE_KSWIN1_F
reset
BOLE_KSWIN51_F
reset
BOLE_KSWIN101_F
reset
BOLE_KSWIN151_F
reset
BOLE_KSWIN201_F
reset
BOLE_PH_F
reset
BOLE_RDDM_F
reset
BOLE_STEPD_F
reset
BOLE_basic_F
BOLE_ADWIN_F
reset
BOLE_BOCD_F
reset
BOLE_CUSUM_F
reset
BOLE_DDM_F
reset
BOLE_ECDD_F
reset
BOLE_EDDM_F
reset
BOLE_GMA_F
reset
BOLE_HDDMA_F
reset
BOLE_HDDMW_F
reset
BOLE_KSWIN1_F
reset
BOLE_KSWIN51_F
reset
BOLE_KSWIN101_F
reset
BOLE_KSWIN151_F
reset
BOLE_KSWIN201_F
reset
BOLE_PH_F
reset
BOLE_RDDM_F
reset
BOLE_STEPD_F
reset
BOLE_basic_F
BOLE_ADWIN_F
reset
BOLE_BOCD_F
reset
BOLE_CUSUM_F
reset
BOLE_DDM_F
reset
BOLE_ECDD_F
reset
BOLE_EDDM_F
reset
BOLE_GMA_F
reset
BOLE_HDDMA_F
reset
BOLE_HDDMW_F
reset
BOLE_KSWIN1_F
reset
BOLE_KSWIN51_F
reset
BOLE_KSWIN101_F
reset
BOLE_KSWIN151_F
reset
BOLE_KSWIN201_F
reset
BOLE_PH_F
reset
BOLE_RDDM_F
reset
BOLE_STEPD_F
reset
BOLE_basic_F
BOLE_ADWIN_F
reset
BOLE_BOCD_F
reset
BOLE_CUSUM_F
reset
BOLE_DDM_F
reset
BOLE_ECDD_F
reset
BOLE_EDDM_F
reset
BOLE_GMA_F
reset
BOLE_HDDMA_F
reset
BOLE_HDDMW_F
reset
BOLE_KSWIN1_F
reset
BOLE_KSWIN51_F
reset
BOLE_KSWIN101_F
reset
BOLE_KSWIN151_F
reset
BOLE_KSWIN201_F
reset
BOLE_PH_F
reset
BOLE_RDDM_F
reset
BOLE_STEPD_F
reset
BOLE_basic_F
BOLE_ADWIN_F
reset
BOLE_BOCD_F
reset
BOLE_CUSUM_F
reset
BOLE_DDM_F
reset
BOLE_ECDD_F
reset
BOLE_EDDM_F
reset
BOLE_GMA_F
reset
BOLE_HDDMA_F
reset
BOLE_HDDMW_F
reset
BOLE_KSWIN1_F
reset
BOLE_KSWIN51_F
reset
BOLE_KSWIN101_F
reset
BOLE_KSWIN151_F
reset
BOLE_KSWIN201_F
reset
BOLE_PH_F
reset
BOLE_RDDM_F
reset
BOLE_STEPD_F
reset
BOLE_basic_F
BOLE_ADWIN_F
reset
BOLE_BOCD_F
reset
BOLE_CUSUM_F
reset
BOLE_DDM_F
reset
BOLE_ECDD_F
reset
BOLE_EDDM_F
reset
BOLE_GMA_F
reset
BOLE_HDDMA_F
reset
BOLE_HDDMW_F
reset
BOLE_KSWIN1_F
reset
BOLE_KSWIN51_F
reset
BOLE_KSWIN101_F
reset
BOLE_KSWIN151_F
reset
BOLE_KSWIN201_F
reset
BOLE_PH_F
reset
BOLE_RDDM_F
reset
BOLE_STEPD_F
reset
BOLE_basic_F
BOLE_ADWIN_F
reset
BOLE_BOCD_F
reset
BOLE_CUSUM_F
reset
BOLE_DDM_F
reset
BOLE_ECDD_F
reset
BOLE_EDDM_F
reset
BOLE_GMA_F
reset
BOLE_HDDMA_F
reset
BOLE_HDDMW_F
reset
BOLE_KSWIN1_F
reset
BOLE_KSWIN51_F
reset
BOLE_KSWIN101_F
reset
BOLE_KSWIN151_F
reset
BOLE_KSWIN201_F
reset
BOLE_PH_F
reset
BOLE_RDDM_F
reset
BOLE_STEPD_F
reset
BOLE_basic_F
BOLE_ADWIN_F
reset
BOLE_BOCD_F
reset
BOLE_CUSUM_F
reset
BOLE_DDM_F
reset
BOLE_ECDD_F
reset
BOLE_EDDM_F
reset
BOLE_GMA_F
reset
BOLE_HDDMA_F
reset
BOLE_HDDMW_F
reset
BOLE_KSWIN1_F
reset
BOLE_KSWIN51_F
reset
BOLE_KSWIN101_F
reset
BOLE_KSWIN151_F
reset
BOLE_KSWIN201_F
reset
BOLE_PH_F
reset
BOLE_RDDM_F
reset
BOLE_STEPD_F
reset
BOLE_basic_F
BOLE_ADWIN_F
reset
BOLE_BOCD_F
reset
BOLE_CUSUM_F
reset
BOLE_DDM_F
reset
BOLE_ECDD_F
reset
BOLE_EDDM_F
reset
BOLE_GMA_F
reset
BOLE_HDDMA_F
reset
BOLE_HDDMW_F
reset
BOLE_KSWIN1_F
reset
BOLE_KSWIN51_F
reset
BOLE_KSWIN101_F
reset
BOLE_KSWIN151_F
reset
BOLE_KSWIN201_F
reset
BOLE_PH_F
reset
BOLE_RDDM_F
reset
BOLE_STEPD_F
reset
BOLE_basic_F
BOLE_ADWIN_F
reset
BOLE_BOCD_F
reset
BOLE_CUSUM_F
reset
BOLE_DDM_F
reset
BOLE_ECDD_F
reset
BOLE_EDDM_F
reset
BOLE_GMA_F
reset
BOLE_HDDMA_F
reset
BOLE_HDDMW_F
reset
BOLE_KSWIN1_F
reset
BOLE_KSWIN51_F
reset
BOLE_KSWIN101_F
reset
BOLE_KSWIN151_F
reset
BOLE_KSWIN201_F
reset
BOLE_PH_F
reset
BOLE_RDDM_F
reset
BOLE_STEPD_F
reset
BOLE_basic_F
BOLE_ADWIN_F
reset
BOLE_BOCD_F
reset
BOLE_CUSUM_F
reset
BOLE_DDM_F
reset
BOLE_ECDD_F
reset
BOLE_EDDM_F
reset
BOLE_GMA_F
reset
BOLE_HDDMA_F
reset
BOLE_HDDMW_F
reset
BOLE_KSWIN1_F
reset
BOLE_KSWIN51_F
reset
BOLE_KSWIN101_F
reset
BOLE_KSWIN151_F
reset
BOLE_KSWIN201_F
reset
BOLE_PH_F
reset
BOLE_RDDM_F
reset
BOLE_STEPD_F
reset
BOLE_basic_F
BOLE_ADWIN_F
reset
BOLE_BOCD_F
reset
BOLE_CUSUM_F
reset
BOLE_DDM_F
reset
BOLE_ECDD_F
reset
BOLE_EDDM_F
reset
BOLE_GMA_F
reset
BOLE_HDDMA_F
reset
BOLE_HDDMW_F
reset
BOLE_KSWIN1_F
reset
BOLE_KSWIN51_F
reset
BOLE_KSWIN101_F
reset
BOLE_KSWIN151_F
reset
BOLE_KSWIN201_F
reset
BOLE_PH_F
reset
BOLE_RDDM_F
reset
BOLE_STEPD_F
reset
BOLE_basic_F
BOLE_ADWIN_F
reset
BOLE_BOCD_F
reset
BOLE_CUSUM_F
reset
BOLE_DDM_F
reset
BOLE_ECDD_F
reset
BOLE_EDDM_F
reset
BOLE_GMA_F
reset
BOLE_HDDMA_F
reset
BOLE_HDDMW_F
reset
BOLE_KSWIN1_F
reset
BOLE_KSWIN51_F
reset
BOLE_KSWIN101_F
reset
BOLE_KSWIN151_F
reset
BOLE_KSWIN201_F
reset
BOLE_PH_F
reset
BOLE_RDDM_F
reset
BOLE_STEPD_F
reset
BOLE_basic_F
BOLE_ADWIN_F
reset
BOLE_BOCD_F
reset
BOLE_CUSUM_F
reset
BOLE_DDM_F
reset
BOLE_ECDD_F
reset
BOLE_EDDM_F
reset
BOLE_GMA_F
reset
BOLE_HDDMA_F
reset
BOLE_HDDMW_F
reset
BOLE_KSWIN1_F
reset
BOLE_KSWIN51_F
reset
BOLE_KSWIN101_F
reset
BOLE_KSWIN151_F
reset
BOLE_KSWIN201_F
reset
BOLE_PH_F
reset
BOLE_RDDM_F
reset
BOLE_STEPD_F
reset
BOLE_basic_F
BOLE_ADWIN_F
reset
BOLE_BOCD_F
reset
BOLE_CUSUM_F
reset
BOLE_DDM_F
reset
BOLE_ECDD_F
reset
BOLE_EDDM_F
reset
BOLE_GMA_F
reset
BOLE_HDDMA_F
reset
BOLE_HDDMW_F
reset
BOLE_KSWIN1_F
reset
BOLE_KSWIN51_F
reset
BOLE_KSWIN101_F
reset
BOLE_KSWIN151_F
reset
BOLE_KSWIN201_F
reset
BOLE_PH_F
reset
BOLE_RDDM_F
reset
BOLE_STEPD_F
reset
BOLE_basic_F
BOLE_ADWIN_F
reset
BOLE_BOCD_F
reset
BOLE_CUSUM_F
reset
BOLE_DDM_F
reset
BOLE_ECDD_F
reset
BOLE_EDDM_F
reset
BOLE_GMA_F
reset
BOLE_HDDMA_F
reset
BOLE_HDDMW_F
reset
BOLE_KSWIN1_F
reset
BOLE_KSWIN51_F
reset
BOLE_KSWIN101_F
reset
BOLE_KSWIN151_F
reset
BOLE_KSWIN201_F
reset
BOLE_PH_F
reset
BOLE_RDDM_F
reset
BOLE_STEPD_F
reset
BOLE_basic_F
BOLE_ADWIN_F
reset
BOLE_BOCD_F
reset
BOLE_CUSUM_F
reset
BOLE_DDM_F
reset
BOLE_ECDD_F
reset
BOLE_EDDM_F
reset
BOLE_GMA_F
reset
BOLE_HDDMA_F
reset
BOLE_HDDMW_F
reset
BOLE_KSWIN1_F
reset
BOLE_KSWIN51_F
reset
BOLE_KSWIN101_F
reset
BOLE_KSWIN151_F
reset
BOLE_KSWIN201_F
reset
BOLE_PH_F
reset
BOLE_RDDM_F
reset
BOLE_STEPD_F
reset
BOLE_basic_F
BOLE_ADWIN_F
reset
BOLE_BOCD_F
reset
BOLE_CUSUM_F
reset
BOLE_DDM_F
reset
BOLE_ECDD_F
reset
BOLE_EDDM_F
reset
BOLE_GMA_F
reset
BOLE_HDDMA_F
reset
BOLE_HDDMW_F
reset
BOLE_KSWIN1_F
reset
BOLE_KSWIN51_F
reset
BOLE_KSWIN101_F
reset
BOLE_KSWIN151_F
reset
BOLE_KSWIN201_F
reset
BOLE_PH_F
reset
BOLE_RDDM_F
reset
BOLE_STEPD_F
reset
BOLE_basic_F
BOLE_ADWIN_F
reset
BOLE_BOCD_F
reset
BOLE_CUSUM_F
reset
BOLE_DDM_F
reset
BOLE_ECDD_F
reset
BOLE_EDDM_F
reset
BOLE_GMA_F
reset
BOLE_HDDMA_F
reset
BOLE_HDDMW_F
reset
BOLE_KSWIN1_F
reset
BOLE_KSWIN51_F
reset
BOLE_KSWIN101_F
reset
BOLE_KSWIN151_F
reset
BOLE_KSWIN201_F
reset
BOLE_PH_F
reset
BOLE_RDDM_F
reset
BOLE_STEPD_F
reset
BOLE_basic_F
BOLE_ADWIN_F
reset
BOLE_BOCD_F
reset
BOLE_CUSUM_F
reset
BOLE_DDM_F
reset
BOLE_ECDD_F
reset
BOLE_EDDM_F
reset
BOLE_GMA_F
reset
BOLE_HDDMA_F
reset
BOLE_HDDMW_F
reset
BOLE_KSWIN1_F
reset
BOLE_KSWIN51_F
reset
BOLE_KSWIN101_F
reset
BOLE_KSWIN151_F
reset
BOLE_KSWIN201_F
reset
BOLE_PH_F
reset
BOLE_RDDM_F
reset
BOLE_STEPD_F
reset
BOLE_basic_F
BOLE_ADWIN_F
reset
BOLE_BOCD_F
reset
BOLE_CUSUM_F
reset
BOLE_DDM_F
reset
BOLE_ECDD_F
reset
BOLE_EDDM_F
reset
BOLE_GMA_F
reset
BOLE_HDDMA_F
reset
BOLE_HDDMW_F
reset
BOLE_KSWIN1_F
reset
BOLE_KSWIN51_F
reset
BOLE_KSWIN101_F
reset
BOLE_KSWIN151_F
reset
BOLE_KSWIN201_F
reset
BOLE_PH_F
reset
BOLE_RDDM_F
reset
BOLE_STEPD_F
reset
BOLE_basic_F
BOLE_ADWIN_F
reset
BOLE_BOCD_F
reset
BOLE_CUSUM_F
reset
BOLE_DDM_F
reset
BOLE_ECDD_F
reset
BOLE_EDDM_F
reset
BOLE_GMA_F
reset
BOLE_HDDMA_F
reset
BOLE_HDDMW_F
reset
BOLE_KSWIN1_F
reset
BOLE_KSWIN51_F
reset
BOLE_KSWIN101_F
reset
BOLE_KSWIN151_F
reset
BOLE_KSWIN201_F
reset
BOLE_PH_F
reset
BOLE_RDDM_F
reset
BOLE_STEPD_F
reset

============================= JOB FEEDBACK =============================

NodeName=uc2n270
Job ID: 22943345
Cluster: uc2
User/Group: ma_ngabrek/ma_ma
State: COMPLETED (exit code 0)
Nodes: 1
Cores per node: 2
CPU Utilized: 2-19:43:23
CPU Efficiency: 49.73% of 5-16:11:28 core-walltime
Job Wall-clock time: 2-20:05:44
Memory Utilized: 1.22 GB
Memory Efficiency: 55.71% of 2.20 GB
