/pfs/work7/workspace/scratch/ma_ngabrek-master-thesis/master-thesis/river_adapted/concept_drift_stream.py:144: RuntimeWarning: overflow encountered in exp
  probability_drift = 1.0 / (1.0 + np.exp(v))
/pfs/work7/workspace/scratch/ma_ngabrek-master-thesis/master-thesis/river_adapted/concept_drift_stream.py:144: RuntimeWarning: overflow encountered in exp
  probability_drift = 1.0 / (1.0 + np.exp(v))
/pfs/work7/workspace/scratch/ma_ngabrek-master-thesis/master-thesis/river_adapted/concept_drift_stream.py:144: RuntimeWarning: overflow encountered in exp
  probability_drift = 1.0 / (1.0 + np.exp(v))
/pfs/work7/workspace/scratch/ma_ngabrek-master-thesis/master-thesis/river_adapted/concept_drift_stream.py:144: RuntimeWarning: overflow encountered in exp
  probability_drift = 1.0 / (1.0 + np.exp(v))
/pfs/work7/workspace/scratch/ma_ngabrek-master-thesis/master-thesis/river_adapted/concept_drift_stream.py:144: RuntimeWarning: overflow encountered in exp
  probability_drift = 1.0 / (1.0 + np.exp(v))
/pfs/work7/workspace/scratch/ma_ngabrek-master-thesis/master-thesis/river_adapted/concept_drift_stream.py:144: RuntimeWarning: overflow encountered in exp
  probability_drift = 1.0 / (1.0 + np.exp(v))
/pfs/work7/workspace/scratch/ma_ngabrek-master-thesis/master-thesis/river_adapted/concept_drift_stream.py:144: RuntimeWarning: overflow encountered in exp
  probability_drift = 1.0 / (1.0 + np.exp(v))
/pfs/work7/workspace/scratch/ma_ngabrek-master-thesis/master-thesis/river_adapted/concept_drift_stream.py:144: RuntimeWarning: overflow encountered in exp
  probability_drift = 1.0 / (1.0 + np.exp(v))
/pfs/work7/workspace/scratch/ma_ngabrek-master-thesis/master-thesis/river_adapted/concept_drift_stream.py:144: RuntimeWarning: overflow encountered in exp
  probability_drift = 1.0 / (1.0 + np.exp(v))
/pfs/work7/workspace/scratch/ma_ngabrek-master-thesis/master-thesis/river_adapted/concept_drift_stream.py:144: RuntimeWarning: overflow encountered in exp
  probability_drift = 1.0 / (1.0 + np.exp(v))
/pfs/work7/workspace/scratch/ma_ngabrek-master-thesis/master-thesis/river_adapted/concept_drift_stream.py:144: RuntimeWarning: overflow encountered in exp
  probability_drift = 1.0 / (1.0 + np.exp(v))
/pfs/work7/workspace/scratch/ma_ngabrek-master-thesis/master-thesis/river_adapted/concept_drift_stream.py:144: RuntimeWarning: overflow encountered in exp
  probability_drift = 1.0 / (1.0 + np.exp(v))
/pfs/work7/workspace/scratch/ma_ngabrek-master-thesis/master-thesis/river_adapted/concept_drift_stream.py:144: RuntimeWarning: overflow encountered in exp
  probability_drift = 1.0 / (1.0 + np.exp(v))
/pfs/work7/workspace/scratch/ma_ngabrek-master-thesis/master-thesis/river_adapted/concept_drift_stream.py:144: RuntimeWarning: overflow encountered in exp
  probability_drift = 1.0 / (1.0 + np.exp(v))
/pfs/work7/workspace/scratch/ma_ngabrek-master-thesis/master-thesis/river_adapted/concept_drift_stream.py:144: RuntimeWarning: overflow encountered in exp
  probability_drift = 1.0 / (1.0 + np.exp(v))
/pfs/work7/workspace/scratch/ma_ngabrek-master-thesis/master-thesis/river_adapted/concept_drift_stream.py:144: RuntimeWarning: overflow encountered in exp
  probability_drift = 1.0 / (1.0 + np.exp(v))
/pfs/work7/workspace/scratch/ma_ngabrek-master-thesis/master-thesis/river_adapted/concept_drift_stream.py:144: RuntimeWarning: overflow encountered in exp
  probability_drift = 1.0 / (1.0 + np.exp(v))
/pfs/work7/workspace/scratch/ma_ngabrek-master-thesis/master-thesis/river_adapted/concept_drift_stream.py:144: RuntimeWarning: overflow encountered in exp
  probability_drift = 1.0 / (1.0 + np.exp(v))
/pfs/work7/workspace/scratch/ma_ngabrek-master-thesis/master-thesis/river_adapted/concept_drift_stream.py:144: RuntimeWarning: overflow encountered in exp
  probability_drift = 1.0 / (1.0 + np.exp(v))
/pfs/work7/workspace/scratch/ma_ngabrek-master-thesis/master-thesis/river_adapted/concept_drift_stream.py:144: RuntimeWarning: overflow encountered in exp
  probability_drift = 1.0 / (1.0 + np.exp(v))
/pfs/work7/workspace/scratch/ma_ngabrek-master-thesis/master-thesis/river_adapted/concept_drift_stream.py:144: RuntimeWarning: overflow encountered in exp
  probability_drift = 1.0 / (1.0 + np.exp(v))
/pfs/work7/workspace/scratch/ma_ngabrek-master-thesis/master-thesis/river_adapted/concept_drift_stream.py:144: RuntimeWarning: overflow encountered in exp
  probability_drift = 1.0 / (1.0 + np.exp(v))
/pfs/work7/workspace/scratch/ma_ngabrek-master-thesis/master-thesis/river_adapted/concept_drift_stream.py:144: RuntimeWarning: overflow encountered in exp
  probability_drift = 1.0 / (1.0 + np.exp(v))
/pfs/work7/workspace/scratch/ma_ngabrek-master-thesis/master-thesis/river_adapted/concept_drift_stream.py:144: RuntimeWarning: overflow encountered in exp
  probability_drift = 1.0 / (1.0 + np.exp(v))
/pfs/work7/workspace/scratch/ma_ngabrek-master-thesis/master-thesis/river_adapted/concept_drift_stream.py:144: RuntimeWarning: overflow encountered in exp
  probability_drift = 1.0 / (1.0 + np.exp(v))
/pfs/work7/workspace/scratch/ma_ngabrek-master-thesis/master-thesis/river_adapted/concept_drift_stream.py:144: RuntimeWarning: overflow encountered in exp
  probability_drift = 1.0 / (1.0 + np.exp(v))
/pfs/work7/workspace/scratch/ma_ngabrek-master-thesis/master-thesis/river_adapted/concept_drift_stream.py:144: RuntimeWarning: overflow encountered in exp
  probability_drift = 1.0 / (1.0 + np.exp(v))
/pfs/work7/workspace/scratch/ma_ngabrek-master-thesis/master-thesis/river_adapted/concept_drift_stream.py:144: RuntimeWarning: overflow encountered in exp
  probability_drift = 1.0 / (1.0 + np.exp(v))
/pfs/work7/workspace/scratch/ma_ngabrek-master-thesis/master-thesis/river_adapted/concept_drift_stream.py:144: RuntimeWarning: overflow encountered in exp
  probability_drift = 1.0 / (1.0 + np.exp(v))
/pfs/work7/workspace/scratch/ma_ngabrek-master-thesis/master-thesis/river_adapted/concept_drift_stream.py:144: RuntimeWarning: overflow encountered in exp
  probability_drift = 1.0 / (1.0 + np.exp(v))
BOLE_BOCD_F
reset
BOLE_BOCD_F
reset
BOLE_BOCD_F
reset
BOLE_BOCD_F
reset
BOLE_BOCD_F
reset
BOLE_BOCD_F
reset
BOLE_BOCD_F
reset
BOLE_BOCD_F
reset
BOLE_BOCD_F
reset
BOLE_BOCD_F
reset
BOLE_BOCD_F
reset
BOLE_BOCD_F
reset
BOLE_BOCD_F
reset
BOLE_BOCD_F
reset
BOLE_BOCD_F
reset
BOLE_BOCD_F
reset
BOLE_BOCD_F
reset
BOLE_BOCD_F
reset
BOLE_BOCD_F
reset
BOLE_BOCD_F
reset
BOLE_BOCD_F
reset
BOLE_BOCD_F
reset
BOLE_BOCD_F
reset
BOLE_BOCD_F
reset
BOLE_BOCD_F
reset
BOLE_BOCD_F
reset
BOLE_BOCD_F
reset
BOLE_BOCD_F
reset
BOLE_BOCD_F
reset
BOLE_BOCD_F
reset

============================= JOB FEEDBACK =============================

NodeName=uc2n267
Job ID: 22949699
Cluster: uc2
User/Group: ma_ngabrek/ma_ma
State: COMPLETED (exit code 0)
Nodes: 1
Cores per node: 2
CPU Utilized: 1-17:31:24
CPU Efficiency: 49.56% of 3-11:47:18 core-walltime
Job Wall-clock time: 1-17:53:39
Memory Utilized: 1.16 GB
Memory Efficiency: 52.61% of 2.20 GB
