HT_BOCD_F
reset
HT_BOCD_F
reset
HT_BOCD_F
reset
HT_BOCD_F
reset
HT_BOCD_F
reset
HT_BOCD_F
reset
HT_BOCD_F
reset
HT_BOCD_F
reset
HT_BOCD_F
reset
HT_BOCD_F
reset
HT_BOCD_F
reset
HT_BOCD_F
reset
HT_BOCD_F
reset
HT_BOCD_F
reset
HT_BOCD_F
reset
HT_BOCD_F
reset
HT_BOCD_F
reset
HT_BOCD_F
reset
HT_BOCD_F
reset
HT_BOCD_F
reset
HT_BOCD_F
reset
HT_BOCD_F
reset
HT_BOCD_F
reset
HT_BOCD_F
reset
HT_BOCD_F
reset
HT_BOCD_F
reset
HT_BOCD_F
reset
HT_BOCD_F
reset
HT_BOCD_F
reset
HT_BOCD_F
reset

============================= JOB FEEDBACK =============================

NodeName=uc2n269
Job ID: 22977742
Cluster: uc2
User/Group: ma_ngabrek/ma_ma
State: COMPLETED (exit code 0)
Nodes: 1
Cores per node: 2
CPU Utilized: 1-12:59:21
CPU Efficiency: 49.79% of 3-02:17:40 core-walltime
Job Wall-clock time: 1-13:08:50
Memory Utilized: 1.64 GB
Memory Efficiency: 74.77% of 2.20 GB
