/pfs/work7/workspace/scratch/ma_ngabrek-master-thesis/master-thesis/frouros_adapted/stepd.py:250: RuntimeWarning: divide by zero encountered in scalar divide
  statistic = (
NoChange_basic_F
MajClass_basic_F
NB_basic_F
NB_ADWIN_F
reset
NB_BOCD_F
reset
NB_CUSUM_F
reset
NB_DDM_F
reset
NB_ECDD_F
reset
NB_EDDM_F
reset
NB_GMA_F
reset
NB_HDDMA_F
reset
NB_HDDMW_F
reset
NB_KSWIN1_F
reset
NB_KSWIN51_F
reset
NB_KSWIN101_F
reset
NB_KSWIN151_F
reset
NB_KSWIN201_F
reset
NB_PH_F
reset
NB_RDDM_F
reset
NB_STEPD_F
reset

============================= JOB FEEDBACK =============================

NodeName=uc2n272
Job ID: 22945004
Cluster: uc2
User/Group: ma_ngabrek/ma_ma
State: COMPLETED (exit code 0)
Nodes: 1
Cores per node: 2
CPU Utilized: 14:10:40
CPU Efficiency: 49.54% of 1-04:37:06 core-walltime
Job Wall-clock time: 14:18:33
Memory Utilized: 2.19 GB
Memory Efficiency: 99.58% of 2.20 GB
