/pfs/work7/workspace/scratch/ma_ngabrek-master-thesis/master-thesis/frouros_adapted/adwin.py:326: RuntimeWarning: invalid value encountered in sqrt
  np.sqrt(2 * m_reciprocal * self.variance_window * delta_prime)
BOLE_ADWIN_F
reset
BOLE_ADWIN_F
reset
BOLE_ADWIN_F
reset
BOLE_ADWIN_F
reset
BOLE_ADWIN_F
reset

============================= JOB FEEDBACK =============================

NodeName=uc2n273
Job ID: 22945008
Cluster: uc2
User/Group: ma_ngabrek/ma_ma
State: COMPLETED (exit code 0)
Nodes: 1
Cores per node: 2
CPU Utilized: 1-14:32:15
CPU Efficiency: 49.72% of 3-05:30:22 core-walltime
Job Wall-clock time: 1-14:45:11
Memory Utilized: 109.23 MB
Memory Efficiency: 4.85% of 2.20 GB
