NoChange_basic_F
MajClass_basic_F
NB_basic_F
NB_ADWIN_F
reset
NB_BOCD_F
reset
NB_CUSUM_F
reset
NB_DDM_F
reset
NB_ECDD_F
reset
NB_EDDM_F
reset
NB_GMA_F
reset
NB_HDDMA_F
reset
NB_HDDMW_F
reset
NB_KSWIN1_F
reset
NB_KSWIN51_F
reset
NB_KSWIN101_F
reset
NB_KSWIN151_F
reset
NB_KSWIN201_F
reset
NB_PH_F
reset
NB_RDDM_F
reset
NB_STEPD_F
reset
HT_basic_F
HT_ADWIN_F
reset
HT_BOCD_F
reset
HT_CUSUM_F
reset
HT_DDM_F
reset
HT_ECDD_F
reset
HT_EDDM_F
reset
HT_GMA_F
reset
HT_HDDMA_F
reset
HT_HDDMW_F
reset
HT_KSWIN1_F
reset
HT_KSWIN51_F
reset
HT_KSWIN101_F
reset
HT_KSWIN151_F
reset
HT_KSWIN201_F
reset
HT_PH_F
reset
HT_RDDM_F
reset
HT_STEPD_F
reset
NoChange_basic_F
MajClass_basic_F
NB_basic_F
NB_ADWIN_F
reset
NB_BOCD_F
reset
NB_CUSUM_F
reset
NB_DDM_F
reset
NB_ECDD_F
reset
NB_EDDM_F
reset
NB_GMA_F
reset
NB_HDDMA_F
reset
NB_HDDMW_F
reset
NB_KSWIN1_F
reset
NB_KSWIN51_F
reset
NB_KSWIN101_F
reset
NB_KSWIN151_F
reset
NB_KSWIN201_F
reset
NB_PH_F
reset
NB_RDDM_F
reset
NB_STEPD_F
reset
HT_basic_F
HT_ADWIN_F
reset
HT_BOCD_F
reset
HT_CUSUM_F
reset
HT_DDM_F
reset
HT_ECDD_F
reset
HT_EDDM_F
reset
HT_GMA_F
reset
HT_HDDMA_F
reset
HT_HDDMW_F
reset
HT_KSWIN1_F
reset
HT_KSWIN51_F
reset
HT_KSWIN101_F
reset
HT_KSWIN151_F
reset
HT_KSWIN201_F
reset
HT_PH_F
reset
HT_RDDM_F
reset
HT_STEPD_F
reset

============================= JOB FEEDBACK =============================

NodeName=uc2n269
Job ID: 22945037
Cluster: uc2
User/Group: ma_ngabrek/ma_ma
State: COMPLETED (exit code 0)
Nodes: 1
Cores per node: 2
CPU Utilized: 07:14:48
CPU Efficiency: 49.67% of 14:35:26 core-walltime
Job Wall-clock time: 07:17:43
Memory Utilized: 1.98 GB
Memory Efficiency: 90.33% of 2.20 GB
