BOLE_basic_F
BOLE_ADWIN_F
reset
BOLE_BOCD_F
reset
BOLE_CUSUM_F
reset
BOLE_DDM_F
reset
BOLE_ECDD_F
reset
BOLE_EDDM_F
reset
BOLE_GMA_F
reset
BOLE_HDDMA_F
reset
BOLE_HDDMW_F
reset
BOLE_KSWIN1_F
reset
BOLE_KSWIN51_F
reset
BOLE_KSWIN101_F
reset
BOLE_KSWIN151_F
reset
BOLE_KSWIN201_F
reset
BOLE_PH_F
reset
BOLE_RDDM_F
reset
BOLE_STEPD_F
reset

============================= JOB FEEDBACK =============================

NodeName=uc2n265
Job ID: 22965628
Cluster: uc2
User/Group: ma_ngabrek/ma_ma
State: COMPLETED (exit code 0)
Nodes: 1
Cores per node: 2
CPU Utilized: 2-10:33:17
CPU Efficiency: 49.72% of 4-21:46:26 core-walltime
Job Wall-clock time: 2-10:53:13
Memory Utilized: 2.11 GB
Memory Efficiency: 95.92% of 2.20 GB
