/pfs/work7/workspace/scratch/ma_ngabrek-master-thesis/master-thesis/frouros_adapted/stepd.py:250: RuntimeWarning: divide by zero encountered in scalar divide
  statistic = (
/pfs/work7/workspace/scratch/ma_ngabrek-master-thesis/master-thesis/frouros_adapted/stepd.py:250: RuntimeWarning: divide by zero encountered in scalar divide
  statistic = (
/pfs/work7/workspace/scratch/ma_ngabrek-master-thesis/master-thesis/frouros_adapted/stepd.py:250: RuntimeWarning: divide by zero encountered in scalar divide
  statistic = (
/pfs/work7/workspace/scratch/ma_ngabrek-master-thesis/master-thesis/frouros_adapted/stepd.py:250: RuntimeWarning: divide by zero encountered in scalar divide
  statistic = (
/pfs/work7/workspace/scratch/ma_ngabrek-master-thesis/master-thesis/frouros_adapted/stepd.py:250: RuntimeWarning: divide by zero encountered in scalar divide
  statistic = (
/pfs/work7/workspace/scratch/ma_ngabrek-master-thesis/master-thesis/frouros_adapted/stepd.py:250: RuntimeWarning: divide by zero encountered in scalar divide
  statistic = (
/pfs/work7/workspace/scratch/ma_ngabrek-master-thesis/master-thesis/frouros_adapted/stepd.py:250: RuntimeWarning: divide by zero encountered in scalar divide
  statistic = (
/pfs/work7/workspace/scratch/ma_ngabrek-master-thesis/master-thesis/frouros_adapted/stepd.py:250: RuntimeWarning: divide by zero encountered in scalar divide
  statistic = (
/pfs/work7/workspace/scratch/ma_ngabrek-master-thesis/master-thesis/frouros_adapted/stepd.py:250: RuntimeWarning: divide by zero encountered in scalar divide
  statistic = (
/pfs/work7/workspace/scratch/ma_ngabrek-master-thesis/master-thesis/frouros_adapted/stepd.py:250: RuntimeWarning: divide by zero encountered in scalar divide
  statistic = (
/pfs/work7/workspace/scratch/ma_ngabrek-master-thesis/master-thesis/frouros_adapted/stepd.py:250: RuntimeWarning: divide by zero encountered in scalar divide
  statistic = (
/pfs/work7/workspace/scratch/ma_ngabrek-master-thesis/master-thesis/frouros_adapted/stepd.py:250: RuntimeWarning: divide by zero encountered in scalar divide
  statistic = (
/pfs/work7/workspace/scratch/ma_ngabrek-master-thesis/master-thesis/frouros_adapted/stepd.py:250: RuntimeWarning: divide by zero encountered in scalar divide
  statistic = (
/pfs/work7/workspace/scratch/ma_ngabrek-master-thesis/master-thesis/frouros_adapted/stepd.py:250: RuntimeWarning: divide by zero encountered in scalar divide
  statistic = (
/pfs/work7/workspace/scratch/ma_ngabrek-master-thesis/master-thesis/frouros_adapted/stepd.py:250: RuntimeWarning: divide by zero encountered in scalar divide
  statistic = (
/pfs/work7/workspace/scratch/ma_ngabrek-master-thesis/master-thesis/frouros_adapted/stepd.py:250: RuntimeWarning: divide by zero encountered in scalar divide
  statistic = (
/pfs/work7/workspace/scratch/ma_ngabrek-master-thesis/master-thesis/frouros_adapted/stepd.py:250: RuntimeWarning: divide by zero encountered in scalar divide
  statistic = (
/pfs/work7/workspace/scratch/ma_ngabrek-master-thesis/master-thesis/frouros_adapted/stepd.py:250: RuntimeWarning: divide by zero encountered in scalar divide
  statistic = (
/pfs/work7/workspace/scratch/ma_ngabrek-master-thesis/master-thesis/frouros_adapted/stepd.py:250: RuntimeWarning: divide by zero encountered in scalar divide
  statistic = (
/pfs/work7/workspace/scratch/ma_ngabrek-master-thesis/master-thesis/frouros_adapted/stepd.py:250: RuntimeWarning: divide by zero encountered in scalar divide
  statistic = (
/pfs/work7/workspace/scratch/ma_ngabrek-master-thesis/master-thesis/frouros_adapted/stepd.py:250: RuntimeWarning: divide by zero encountered in scalar divide
  statistic = (
/pfs/work7/workspace/scratch/ma_ngabrek-master-thesis/master-thesis/frouros_adapted/stepd.py:250: RuntimeWarning: divide by zero encountered in scalar divide
  statistic = (
/pfs/work7/workspace/scratch/ma_ngabrek-master-thesis/master-thesis/frouros_adapted/stepd.py:250: RuntimeWarning: divide by zero encountered in scalar divide
  statistic = (
/pfs/work7/workspace/scratch/ma_ngabrek-master-thesis/master-thesis/frouros_adapted/stepd.py:250: RuntimeWarning: divide by zero encountered in scalar divide
  statistic = (
BOLE_basic_F
BOLE_ADWIN_F
reset
BOLE_BOCD_F
reset
BOLE_CUSUM_F
reset
BOLE_DDM_F
reset
BOLE_ECDD_F
reset
BOLE_EDDM_F
reset
BOLE_GMA_F
reset
BOLE_HDDMA_F
reset
BOLE_HDDMW_F
reset
BOLE_KSWIN1_F
reset
BOLE_KSWIN51_F
reset
BOLE_KSWIN101_F
reset
BOLE_KSWIN151_F
reset
BOLE_KSWIN201_F
reset
BOLE_PH_F
reset
BOLE_RDDM_F
reset
BOLE_STEPD_F
reset
BOLE_basic_F
BOLE_ADWIN_F
reset
BOLE_BOCD_F
reset
BOLE_CUSUM_F
reset
BOLE_DDM_F
reset
BOLE_ECDD_F
reset
BOLE_EDDM_F
reset
BOLE_GMA_F
reset
BOLE_HDDMA_F
reset
BOLE_HDDMW_F
reset
BOLE_KSWIN1_F
reset
BOLE_KSWIN51_F
reset
BOLE_KSWIN101_F
reset
BOLE_KSWIN151_F
reset
BOLE_KSWIN201_F
reset
BOLE_PH_F
reset
BOLE_RDDM_F
reset
BOLE_STEPD_F
reset
BOLE_basic_F
BOLE_ADWIN_F
reset
BOLE_BOCD_F
reset
BOLE_CUSUM_F
reset
BOLE_DDM_F
reset
BOLE_ECDD_F
reset
BOLE_EDDM_F
reset
BOLE_GMA_F
reset
BOLE_HDDMA_F
reset
BOLE_HDDMW_F
reset
BOLE_KSWIN1_F
reset
BOLE_KSWIN51_F
reset
BOLE_KSWIN101_F
reset
BOLE_KSWIN151_F
reset
BOLE_KSWIN201_F
reset
BOLE_PH_F
reset
BOLE_RDDM_F
reset
BOLE_STEPD_F
reset
BOLE_basic_F
BOLE_ADWIN_F
reset
BOLE_BOCD_F
reset
BOLE_CUSUM_F
reset
BOLE_DDM_F
reset
BOLE_ECDD_F
reset
BOLE_EDDM_F
reset
BOLE_GMA_F
reset
BOLE_HDDMA_F
reset
BOLE_HDDMW_F
reset
BOLE_KSWIN1_F
reset
BOLE_KSWIN51_F
reset
BOLE_KSWIN101_F
reset
BOLE_KSWIN151_F
reset
BOLE_KSWIN201_F
reset
BOLE_PH_F
reset
BOLE_RDDM_F
reset
BOLE_STEPD_F
reset
BOLE_basic_F
BOLE_ADWIN_F
reset
BOLE_BOCD_F
reset
BOLE_CUSUM_F
reset
BOLE_DDM_F
reset
BOLE_ECDD_F
reset
BOLE_EDDM_F
reset
BOLE_GMA_F
reset
BOLE_HDDMA_F
reset
BOLE_HDDMW_F
reset
BOLE_KSWIN1_F
reset
BOLE_KSWIN51_F
reset
BOLE_KSWIN101_F
reset
BOLE_KSWIN151_F
reset
BOLE_KSWIN201_F
reset
BOLE_PH_F
reset
BOLE_RDDM_F
reset
BOLE_STEPD_F
reset
BOLE_basic_F
BOLE_ADWIN_F
reset
BOLE_BOCD_F
reset
BOLE_CUSUM_F
reset
BOLE_DDM_F
reset
BOLE_ECDD_F
reset
BOLE_EDDM_F
reset
BOLE_GMA_F
reset
BOLE_HDDMA_F
reset
BOLE_HDDMW_F
reset
BOLE_KSWIN1_F
reset
BOLE_KSWIN51_F
reset
BOLE_KSWIN101_F
reset
BOLE_KSWIN151_F
reset
BOLE_KSWIN201_F
reset
BOLE_PH_F
reset
BOLE_RDDM_F
reset
BOLE_STEPD_F
reset
BOLE_basic_F
BOLE_ADWIN_F
reset
BOLE_BOCD_F
reset
BOLE_CUSUM_F
reset
BOLE_DDM_F
reset
BOLE_ECDD_F
reset
BOLE_EDDM_F
reset
BOLE_GMA_F
reset
BOLE_HDDMA_F
reset
BOLE_HDDMW_F
reset
BOLE_KSWIN1_F
reset
BOLE_KSWIN51_F
reset
BOLE_KSWIN101_F
reset
BOLE_KSWIN151_F
reset
BOLE_KSWIN201_F
reset
BOLE_PH_F
reset
BOLE_RDDM_F
reset
BOLE_STEPD_F
reset
BOLE_basic_F
BOLE_ADWIN_F
reset
BOLE_BOCD_F
reset
BOLE_CUSUM_F
reset
BOLE_DDM_F
reset
BOLE_ECDD_F
reset
BOLE_EDDM_F
reset
BOLE_GMA_F
reset
BOLE_HDDMA_F
reset
BOLE_HDDMW_F
reset
BOLE_KSWIN1_F
reset
BOLE_KSWIN51_F
reset
BOLE_KSWIN101_F
reset
BOLE_KSWIN151_F
reset
BOLE_KSWIN201_F
reset
BOLE_PH_F
reset
BOLE_RDDM_F
reset
BOLE_STEPD_F
reset
BOLE_basic_F
BOLE_ADWIN_F
reset
BOLE_BOCD_F
reset
BOLE_CUSUM_F
reset
BOLE_DDM_F
reset
BOLE_ECDD_F
reset
BOLE_EDDM_F
reset
BOLE_GMA_F
reset
BOLE_HDDMA_F
reset
BOLE_HDDMW_F
reset
BOLE_KSWIN1_F
reset
BOLE_KSWIN51_F
reset
BOLE_KSWIN101_F
reset
BOLE_KSWIN151_F
reset
BOLE_KSWIN201_F
reset
BOLE_PH_F
reset
BOLE_RDDM_F
reset
BOLE_STEPD_F
reset
BOLE_basic_F
BOLE_ADWIN_F
reset
BOLE_BOCD_F
reset
BOLE_CUSUM_F
reset
BOLE_DDM_F
reset
BOLE_ECDD_F
reset
BOLE_EDDM_F
reset
BOLE_GMA_F
reset
BOLE_HDDMA_F
reset
BOLE_HDDMW_F
reset
BOLE_KSWIN1_F
reset
BOLE_KSWIN51_F
reset
BOLE_KSWIN101_F
reset
BOLE_KSWIN151_F
reset
BOLE_KSWIN201_F
reset
BOLE_PH_F
reset
BOLE_RDDM_F
reset
BOLE_STEPD_F
reset
BOLE_basic_F
BOLE_ADWIN_F
reset
BOLE_BOCD_F
reset
BOLE_CUSUM_F
reset
BOLE_DDM_F
reset
BOLE_ECDD_F
reset
BOLE_EDDM_F
reset
BOLE_GMA_F
reset
BOLE_HDDMA_F
reset
BOLE_HDDMW_F
reset
BOLE_KSWIN1_F
reset
BOLE_KSWIN51_F
reset
BOLE_KSWIN101_F
reset
BOLE_KSWIN151_F
reset
BOLE_KSWIN201_F
reset
BOLE_PH_F
reset
BOLE_RDDM_F
reset
BOLE_STEPD_F
reset
BOLE_basic_F
BOLE_ADWIN_F
reset
BOLE_BOCD_F
reset
BOLE_CUSUM_F
reset
BOLE_DDM_F
reset
BOLE_ECDD_F
reset
BOLE_EDDM_F
reset
BOLE_GMA_F
reset
BOLE_HDDMA_F
reset
BOLE_HDDMW_F
reset
BOLE_KSWIN1_F
reset
BOLE_KSWIN51_F
reset
BOLE_KSWIN101_F
reset
BOLE_KSWIN151_F
reset
BOLE_KSWIN201_F
reset
BOLE_PH_F
reset
BOLE_RDDM_F
reset
BOLE_STEPD_F
reset
BOLE_basic_F
BOLE_ADWIN_F
reset
BOLE_BOCD_F
reset
BOLE_CUSUM_F
reset
BOLE_DDM_F
reset
BOLE_ECDD_F
reset
BOLE_EDDM_F
reset
BOLE_GMA_F
reset
BOLE_HDDMA_F
reset
BOLE_HDDMW_F
reset
BOLE_KSWIN1_F
reset
BOLE_KSWIN51_F
reset
BOLE_KSWIN101_F
reset
BOLE_KSWIN151_F
reset
BOLE_KSWIN201_F
reset
BOLE_PH_F
reset
BOLE_RDDM_F
reset
BOLE_STEPD_F
reset
BOLE_basic_F
BOLE_ADWIN_F
reset
BOLE_BOCD_F
reset
BOLE_CUSUM_F
reset
BOLE_DDM_F
reset
BOLE_ECDD_F
reset
BOLE_EDDM_F
reset
BOLE_GMA_F
reset
BOLE_HDDMA_F
reset
BOLE_HDDMW_F
reset
BOLE_KSWIN1_F
reset
BOLE_KSWIN51_F
reset
BOLE_KSWIN101_F
reset
BOLE_KSWIN151_F
reset
BOLE_KSWIN201_F
reset
BOLE_PH_F
reset
BOLE_RDDM_F
reset
BOLE_STEPD_F
reset
BOLE_basic_F
BOLE_ADWIN_F
reset
BOLE_BOCD_F
reset
BOLE_CUSUM_F
reset
BOLE_DDM_F
reset
BOLE_ECDD_F
reset
BOLE_EDDM_F
reset
BOLE_GMA_F
reset
BOLE_HDDMA_F
reset
BOLE_HDDMW_F
reset
BOLE_KSWIN1_F
reset
BOLE_KSWIN51_F
reset
BOLE_KSWIN101_F
reset
BOLE_KSWIN151_F
reset
BOLE_KSWIN201_F
reset
BOLE_PH_F
reset
BOLE_RDDM_F
reset
BOLE_STEPD_F
reset
BOLE_basic_F
BOLE_ADWIN_F
reset
BOLE_BOCD_F
reset
BOLE_CUSUM_F
reset
BOLE_DDM_F
reset
BOLE_ECDD_F
reset
BOLE_EDDM_F
reset
BOLE_GMA_F
reset
BOLE_HDDMA_F
reset
BOLE_HDDMW_F
reset
BOLE_KSWIN1_F
reset
BOLE_KSWIN51_F
reset
BOLE_KSWIN101_F
reset
BOLE_KSWIN151_F
reset
BOLE_KSWIN201_F
reset
BOLE_PH_F
reset
BOLE_RDDM_F
reset
BOLE_STEPD_F
reset
BOLE_basic_F
BOLE_ADWIN_F
reset
BOLE_BOCD_F
reset
BOLE_CUSUM_F
reset
BOLE_DDM_F
reset
BOLE_ECDD_F
reset
BOLE_EDDM_F
reset
BOLE_GMA_F
reset
BOLE_HDDMA_F
reset
BOLE_HDDMW_F
reset
BOLE_KSWIN1_F
reset
BOLE_KSWIN51_F
reset
BOLE_KSWIN101_F
reset
BOLE_KSWIN151_F
reset
BOLE_KSWIN201_F
reset
BOLE_PH_F
reset
BOLE_RDDM_F
reset
BOLE_STEPD_F
reset
BOLE_basic_F
BOLE_ADWIN_F
reset
BOLE_BOCD_F
reset
BOLE_CUSUM_F
reset
BOLE_DDM_F
reset
BOLE_ECDD_F
reset
BOLE_EDDM_F
reset
BOLE_GMA_F
reset
BOLE_HDDMA_F
reset
BOLE_HDDMW_F
reset
BOLE_KSWIN1_F
reset
BOLE_KSWIN51_F
reset
BOLE_KSWIN101_F
reset
BOLE_KSWIN151_F
reset
BOLE_KSWIN201_F
reset
BOLE_PH_F
reset
BOLE_RDDM_F
reset
BOLE_STEPD_F
reset
BOLE_basic_F
BOLE_ADWIN_F
reset
BOLE_BOCD_F
reset
BOLE_CUSUM_F
reset
BOLE_DDM_F
reset
BOLE_ECDD_F
reset
BOLE_EDDM_F
reset
BOLE_GMA_F
reset
BOLE_HDDMA_F
reset
BOLE_HDDMW_F
reset
BOLE_KSWIN1_F
reset
BOLE_KSWIN51_F
reset
BOLE_KSWIN101_F
reset
BOLE_KSWIN151_F
reset
BOLE_KSWIN201_F
reset
BOLE_PH_F
reset
BOLE_RDDM_F
reset
BOLE_STEPD_F
reset
BOLE_basic_F
BOLE_ADWIN_F
reset
BOLE_BOCD_F
reset
BOLE_CUSUM_F
reset
BOLE_DDM_F
reset
BOLE_ECDD_F
reset
BOLE_EDDM_F
reset
BOLE_GMA_F
reset
BOLE_HDDMA_F
reset
BOLE_HDDMW_F
reset
BOLE_KSWIN1_F
reset
BOLE_KSWIN51_F
reset
BOLE_KSWIN101_F
reset
BOLE_KSWIN151_F
reset
BOLE_KSWIN201_F
reset
BOLE_PH_F
reset
BOLE_RDDM_F
reset
BOLE_STEPD_F
reset
BOLE_basic_F
BOLE_ADWIN_F
reset
BOLE_BOCD_F
reset
BOLE_CUSUM_F
reset
BOLE_DDM_F
reset
BOLE_ECDD_F
reset
BOLE_EDDM_F
reset
BOLE_GMA_F
reset
BOLE_HDDMA_F
reset
BOLE_HDDMW_F
reset
BOLE_KSWIN1_F
reset
BOLE_KSWIN51_F
reset
BOLE_KSWIN101_F
reset
BOLE_KSWIN151_F
reset
BOLE_KSWIN201_F
reset
BOLE_PH_F
reset
BOLE_RDDM_F
reset
BOLE_STEPD_F
reset
BOLE_basic_F
BOLE_ADWIN_F
reset
BOLE_BOCD_F
reset
BOLE_CUSUM_F
reset
BOLE_DDM_F
reset
BOLE_ECDD_F
reset
BOLE_EDDM_F
reset
BOLE_GMA_F
reset
BOLE_HDDMA_F
reset
BOLE_HDDMW_F
reset
BOLE_KSWIN1_F
reset
BOLE_KSWIN51_F
reset
BOLE_KSWIN101_F
reset
BOLE_KSWIN151_F
reset
BOLE_KSWIN201_F
reset
BOLE_PH_F
reset
BOLE_RDDM_F
reset
BOLE_STEPD_F
reset
BOLE_basic_F
BOLE_ADWIN_F
reset
BOLE_BOCD_F
reset
BOLE_CUSUM_F
reset
BOLE_DDM_F
reset
BOLE_ECDD_F
reset
BOLE_EDDM_F
reset
BOLE_GMA_F
reset
BOLE_HDDMA_F
reset
BOLE_HDDMW_F
reset
BOLE_KSWIN1_F
reset
BOLE_KSWIN51_F
reset
BOLE_KSWIN101_F
reset
BOLE_KSWIN151_F
reset
BOLE_KSWIN201_F
reset
BOLE_PH_F
reset
BOLE_RDDM_F
reset
BOLE_STEPD_F
reset
BOLE_basic_F
BOLE_ADWIN_F
reset
BOLE_BOCD_F
reset
BOLE_CUSUM_F
reset
BOLE_DDM_F
reset
BOLE_ECDD_F
reset
BOLE_EDDM_F
reset
BOLE_GMA_F
reset
BOLE_HDDMA_F
reset
BOLE_HDDMW_F
reset
BOLE_KSWIN1_F
reset
BOLE_KSWIN51_F
reset
BOLE_KSWIN101_F
reset
BOLE_KSWIN151_F
reset
BOLE_KSWIN201_F
reset
BOLE_PH_F
reset
BOLE_RDDM_F
reset
BOLE_STEPD_F
reset
BOLE_basic_F
BOLE_ADWIN_F
reset
BOLE_BOCD_F
reset
BOLE_CUSUM_F
reset
BOLE_DDM_F
reset
BOLE_ECDD_F
reset
BOLE_EDDM_F
reset
BOLE_GMA_F
reset
BOLE_HDDMA_F
reset
BOLE_HDDMW_F
reset
BOLE_KSWIN1_F
reset
BOLE_KSWIN51_F
reset
BOLE_KSWIN101_F
reset
BOLE_KSWIN151_F
reset
BOLE_KSWIN201_F
reset
BOLE_PH_F
reset
BOLE_RDDM_F
reset
BOLE_STEPD_F
reset
BOLE_basic_F
BOLE_ADWIN_F
reset
BOLE_BOCD_F
reset
BOLE_CUSUM_F
reset
BOLE_DDM_F
reset
BOLE_ECDD_F
reset
BOLE_EDDM_F
reset
BOLE_GMA_F
reset
BOLE_HDDMA_F
reset
BOLE_HDDMW_F
reset
BOLE_KSWIN1_F
reset
BOLE_KSWIN51_F
reset
BOLE_KSWIN101_F
reset
BOLE_KSWIN151_F
reset
BOLE_KSWIN201_F
reset
BOLE_PH_F
reset
BOLE_RDDM_F
reset
BOLE_STEPD_F
reset
BOLE_basic_F
BOLE_ADWIN_F
reset
BOLE_BOCD_F
reset
BOLE_CUSUM_F
reset
BOLE_DDM_F
reset
BOLE_ECDD_F
reset
BOLE_EDDM_F
reset
BOLE_GMA_F
reset
BOLE_HDDMA_F
reset
BOLE_HDDMW_F
reset
BOLE_KSWIN1_F
reset
BOLE_KSWIN51_F
reset
BOLE_KSWIN101_F
reset
BOLE_KSWIN151_F
reset
BOLE_KSWIN201_F
reset
BOLE_PH_F
reset
BOLE_RDDM_F
reset
BOLE_STEPD_F
reset
BOLE_basic_F
BOLE_ADWIN_F
reset
BOLE_BOCD_F
reset
BOLE_CUSUM_F
reset
BOLE_DDM_F
reset
BOLE_ECDD_F
reset
BOLE_EDDM_F
reset
BOLE_GMA_F
reset
BOLE_HDDMA_F
reset
BOLE_HDDMW_F
reset
BOLE_KSWIN1_F
reset
BOLE_KSWIN51_F
reset
BOLE_KSWIN101_F
reset
BOLE_KSWIN151_F
reset
BOLE_KSWIN201_F
reset
BOLE_PH_F
reset
BOLE_RDDM_F
reset
BOLE_STEPD_F
reset
BOLE_basic_F
BOLE_ADWIN_F
reset
BOLE_BOCD_F
reset
BOLE_CUSUM_F
reset
BOLE_DDM_F
reset
BOLE_ECDD_F
reset
BOLE_EDDM_F
reset
BOLE_GMA_F
reset
BOLE_HDDMA_F
reset
BOLE_HDDMW_F
reset
BOLE_KSWIN1_F
reset
BOLE_KSWIN51_F
reset
BOLE_KSWIN101_F
reset
BOLE_KSWIN151_F
reset
BOLE_KSWIN201_F
reset
BOLE_PH_F
reset
BOLE_RDDM_F
reset
BOLE_STEPD_F
reset
BOLE_basic_F
BOLE_ADWIN_F
reset
BOLE_BOCD_F
reset
BOLE_CUSUM_F
reset
BOLE_DDM_F
reset
BOLE_ECDD_F
reset
BOLE_EDDM_F
reset
BOLE_GMA_F
reset
BOLE_HDDMA_F
reset
BOLE_HDDMW_F
reset
BOLE_KSWIN1_F
reset
BOLE_KSWIN51_F
reset
BOLE_KSWIN101_F
reset
BOLE_KSWIN151_F
reset
BOLE_KSWIN201_F
reset
BOLE_PH_F
reset
BOLE_RDDM_F
reset
BOLE_STEPD_F
reset

============================= JOB FEEDBACK =============================

NodeName=uc2n268
Job ID: 22945979
Cluster: uc2
User/Group: ma_ngabrek/ma_ma
State: COMPLETED (exit code 0)
Nodes: 1
Cores per node: 2
CPU Utilized: 1-09:20:51
CPU Efficiency: 49.73% of 2-19:03:44 core-walltime
Job Wall-clock time: 1-09:31:52
Memory Utilized: 1.25 GB
Memory Efficiency: 56.69% of 2.20 GB
