/pfs/work7/workspace/scratch/ma_ngabrek-master-thesis/master-thesis/river_adapted/concept_drift_stream.py:144: RuntimeWarning: overflow encountered in exp
  probability_drift = 1.0 / (1.0 + np.exp(v))
/pfs/work7/workspace/scratch/ma_ngabrek-master-thesis/master-thesis/river_adapted/concept_drift_stream.py:144: RuntimeWarning: overflow encountered in exp
  probability_drift = 1.0 / (1.0 + np.exp(v))
/pfs/work7/workspace/scratch/ma_ngabrek-master-thesis/master-thesis/river_adapted/concept_drift_stream.py:144: RuntimeWarning: overflow encountered in exp
  probability_drift = 1.0 / (1.0 + np.exp(v))
/pfs/work7/workspace/scratch/ma_ngabrek-master-thesis/master-thesis/river_adapted/concept_drift_stream.py:144: RuntimeWarning: overflow encountered in exp
  probability_drift = 1.0 / (1.0 + np.exp(v))
/pfs/work7/workspace/scratch/ma_ngabrek-master-thesis/master-thesis/river_adapted/concept_drift_stream.py:144: RuntimeWarning: overflow encountered in exp
  probability_drift = 1.0 / (1.0 + np.exp(v))
/pfs/work7/workspace/scratch/ma_ngabrek-master-thesis/master-thesis/river_adapted/concept_drift_stream.py:144: RuntimeWarning: overflow encountered in exp
  probability_drift = 1.0 / (1.0 + np.exp(v))
/pfs/work7/workspace/scratch/ma_ngabrek-master-thesis/master-thesis/river_adapted/concept_drift_stream.py:144: RuntimeWarning: overflow encountered in exp
  probability_drift = 1.0 / (1.0 + np.exp(v))
/pfs/work7/workspace/scratch/ma_ngabrek-master-thesis/master-thesis/river_adapted/concept_drift_stream.py:144: RuntimeWarning: overflow encountered in exp
  probability_drift = 1.0 / (1.0 + np.exp(v))
/pfs/work7/workspace/scratch/ma_ngabrek-master-thesis/master-thesis/river_adapted/concept_drift_stream.py:144: RuntimeWarning: overflow encountered in exp
  probability_drift = 1.0 / (1.0 + np.exp(v))
/pfs/work7/workspace/scratch/ma_ngabrek-master-thesis/master-thesis/river_adapted/concept_drift_stream.py:144: RuntimeWarning: overflow encountered in exp
  probability_drift = 1.0 / (1.0 + np.exp(v))
BOLE_ADWIN_F
reset
BOLE_ADWIN_F
reset
BOLE_ADWIN_F
reset
BOLE_ADWIN_F
reset
BOLE_ADWIN_F
reset
BOLE_ADWIN_F
reset
BOLE_ADWIN_F
reset
BOLE_ADWIN_F
reset
BOLE_ADWIN_F
reset
BOLE_ADWIN_F
reset

============================= JOB FEEDBACK =============================

NodeName=uc2n325
Job ID: 22991366
Cluster: uc2
User/Group: ma_ngabrek/ma_ma
State: COMPLETED (exit code 0)
Nodes: 1
Cores per node: 2
CPU Utilized: 06:24:01
CPU Efficiency: 49.53% of 12:55:22 core-walltime
Job Wall-clock time: 06:27:41
Memory Utilized: 120.60 MB
Memory Efficiency: 5.36% of 2.20 GB
