/pfs/work7/workspace/scratch/ma_ngabrek-master-thesis/master-thesis/river_adapted/concept_drift_stream.py:144: RuntimeWarning: overflow encountered in exp
  probability_drift = 1.0 / (1.0 + np.exp(v))
/pfs/work7/workspace/scratch/ma_ngabrek-master-thesis/master-thesis/river_adapted/concept_drift_stream.py:144: RuntimeWarning: overflow encountered in exp
  probability_drift = 1.0 / (1.0 + np.exp(v))
/pfs/work7/workspace/scratch/ma_ngabrek-master-thesis/master-thesis/river_adapted/concept_drift_stream.py:144: RuntimeWarning: overflow encountered in exp
  probability_drift = 1.0 / (1.0 + np.exp(v))
/pfs/work7/workspace/scratch/ma_ngabrek-master-thesis/master-thesis/river_adapted/concept_drift_stream.py:144: RuntimeWarning: overflow encountered in exp
  probability_drift = 1.0 / (1.0 + np.exp(v))
/pfs/work7/workspace/scratch/ma_ngabrek-master-thesis/master-thesis/river_adapted/concept_drift_stream.py:144: RuntimeWarning: overflow encountered in exp
  probability_drift = 1.0 / (1.0 + np.exp(v))
/pfs/work7/workspace/scratch/ma_ngabrek-master-thesis/master-thesis/river_adapted/concept_drift_stream.py:144: RuntimeWarning: overflow encountered in exp
  probability_drift = 1.0 / (1.0 + np.exp(v))
/pfs/work7/workspace/scratch/ma_ngabrek-master-thesis/master-thesis/river_adapted/concept_drift_stream.py:144: RuntimeWarning: overflow encountered in exp
  probability_drift = 1.0 / (1.0 + np.exp(v))
/pfs/work7/workspace/scratch/ma_ngabrek-master-thesis/master-thesis/river_adapted/concept_drift_stream.py:144: RuntimeWarning: overflow encountered in exp
  probability_drift = 1.0 / (1.0 + np.exp(v))
/pfs/work7/workspace/scratch/ma_ngabrek-master-thesis/master-thesis/river_adapted/concept_drift_stream.py:144: RuntimeWarning: overflow encountered in exp
  probability_drift = 1.0 / (1.0 + np.exp(v))
/pfs/work7/workspace/scratch/ma_ngabrek-master-thesis/master-thesis/river_adapted/concept_drift_stream.py:144: RuntimeWarning: overflow encountered in exp
  probability_drift = 1.0 / (1.0 + np.exp(v))
BOLE_BOCD_F
reset
BOLE_BOCD_F
reset
BOLE_BOCD_F
reset
BOLE_BOCD_F
reset
BOLE_BOCD_F
reset
BOLE_BOCD_F
reset
BOLE_BOCD_F
reset
BOLE_BOCD_F
reset
BOLE_BOCD_F
reset
BOLE_BOCD_F
reset

============================= JOB FEEDBACK =============================

NodeName=uc2n268
Job ID: 22985150
Cluster: uc2
User/Group: ma_ngabrek/ma_ma
State: COMPLETED (exit code 0)
Nodes: 1
Cores per node: 2
CPU Utilized: 2-21:48:42
CPU Efficiency: 49.73% of 5-20:23:28 core-walltime
Job Wall-clock time: 2-22:11:44
Memory Utilized: 919.65 MB
Memory Efficiency: 40.87% of 2.20 GB
