/pfs/work7/workspace/scratch/ma_ngabrek-master-thesis/master-thesis/frouros_adapted/stepd.py:250: RuntimeWarning: divide by zero encountered in scalar divide
  statistic = (
/pfs/work7/workspace/scratch/ma_ngabrek-master-thesis/master-thesis/frouros_adapted/stepd.py:250: RuntimeWarning: divide by zero encountered in scalar divide
  statistic = (
/pfs/work7/workspace/scratch/ma_ngabrek-master-thesis/master-thesis/frouros_adapted/stepd.py:250: RuntimeWarning: divide by zero encountered in scalar divide
  statistic = (
/pfs/work7/workspace/scratch/ma_ngabrek-master-thesis/master-thesis/frouros_adapted/stepd.py:250: RuntimeWarning: divide by zero encountered in scalar divide
  statistic = (
/pfs/work7/workspace/scratch/ma_ngabrek-master-thesis/master-thesis/frouros_adapted/stepd.py:250: RuntimeWarning: divide by zero encountered in scalar divide
  statistic = (
/pfs/work7/workspace/scratch/ma_ngabrek-master-thesis/master-thesis/frouros_adapted/stepd.py:250: RuntimeWarning: divide by zero encountered in scalar divide
  statistic = (
/pfs/work7/workspace/scratch/ma_ngabrek-master-thesis/master-thesis/frouros_adapted/stepd.py:250: RuntimeWarning: divide by zero encountered in scalar divide
  statistic = (
/pfs/work7/workspace/scratch/ma_ngabrek-master-thesis/master-thesis/frouros_adapted/stepd.py:250: RuntimeWarning: divide by zero encountered in scalar divide
  statistic = (
/pfs/work7/workspace/scratch/ma_ngabrek-master-thesis/master-thesis/frouros_adapted/stepd.py:250: RuntimeWarning: divide by zero encountered in scalar divide
  statistic = (
/pfs/work7/workspace/scratch/ma_ngabrek-master-thesis/master-thesis/frouros_adapted/stepd.py:250: RuntimeWarning: divide by zero encountered in scalar divide
  statistic = (
/pfs/work7/workspace/scratch/ma_ngabrek-master-thesis/master-thesis/frouros_adapted/stepd.py:250: RuntimeWarning: divide by zero encountered in scalar divide
  statistic = (
/pfs/work7/workspace/scratch/ma_ngabrek-master-thesis/master-thesis/frouros_adapted/stepd.py:250: RuntimeWarning: divide by zero encountered in scalar divide
  statistic = (
/pfs/work7/workspace/scratch/ma_ngabrek-master-thesis/master-thesis/frouros_adapted/stepd.py:250: RuntimeWarning: divide by zero encountered in scalar divide
  statistic = (
NB_basic_F
NB_ADWIN_F
reset
NB_BOCD_F
reset
NB_CUSUM_F
reset
NB_DDM_F
reset
NB_ECDD_F
reset
NB_EDDM_F
reset
NB_GMA_F
reset
NB_HDDMA_F
reset
NB_HDDMW_F
reset
NB_KSWIN1_F
reset
NB_KSWIN51_F
reset
NB_KSWIN101_F
reset
NB_KSWIN151_F
reset
NB_KSWIN201_F
reset
NB_PH_F
reset
NB_RDDM_F
reset
NB_STEPD_F
reset
NB_basic_F
NB_ADWIN_F
reset
NB_BOCD_F
reset
NB_CUSUM_F
reset
NB_DDM_F
reset
NB_ECDD_F
reset
NB_EDDM_F
reset
NB_GMA_F
reset
NB_HDDMA_F
reset
NB_HDDMW_F
reset
NB_KSWIN1_F
reset
NB_KSWIN51_F
reset
NB_KSWIN101_F
reset
NB_KSWIN151_F
reset
NB_KSWIN201_F
reset
NB_PH_F
reset
NB_RDDM_F
reset
NB_STEPD_F
reset
NB_basic_F
NB_ADWIN_F
reset
NB_BOCD_F
reset
NB_CUSUM_F
reset
NB_DDM_F
reset
NB_ECDD_F
reset
NB_EDDM_F
reset
NB_GMA_F
reset
NB_HDDMA_F
reset
NB_HDDMW_F
reset
NB_KSWIN1_F
reset
NB_KSWIN51_F
reset
NB_KSWIN101_F
reset
NB_KSWIN151_F
reset
NB_KSWIN201_F
reset
NB_PH_F
reset
NB_RDDM_F
reset
NB_STEPD_F
reset
NB_basic_F
NB_ADWIN_F
reset
NB_BOCD_F
reset
NB_CUSUM_F
reset
NB_DDM_F
reset
NB_ECDD_F
reset
NB_EDDM_F
reset
NB_GMA_F
reset
NB_HDDMA_F
reset
NB_HDDMW_F
reset
NB_KSWIN1_F
reset
NB_KSWIN51_F
reset
NB_KSWIN101_F
reset
NB_KSWIN151_F
reset
NB_KSWIN201_F
reset
NB_PH_F
reset
NB_RDDM_F
reset
NB_STEPD_F
reset
NB_basic_F
NB_ADWIN_F
reset
NB_BOCD_F
reset
NB_CUSUM_F
reset
NB_DDM_F
reset
NB_ECDD_F
reset
NB_EDDM_F
reset
NB_GMA_F
reset
NB_HDDMA_F
reset
NB_HDDMW_F
reset
NB_KSWIN1_F
reset
NB_KSWIN51_F
reset
NB_KSWIN101_F
reset
NB_KSWIN151_F
reset
NB_KSWIN201_F
reset
NB_PH_F
reset
NB_RDDM_F
reset
NB_STEPD_F
reset
NB_basic_F
NB_ADWIN_F
reset
NB_BOCD_F
reset
NB_CUSUM_F
reset
NB_DDM_F
reset
NB_ECDD_F
reset
NB_EDDM_F
reset
NB_GMA_F
reset
NB_HDDMA_F
reset
NB_HDDMW_F
reset
NB_KSWIN1_F
reset
NB_KSWIN51_F
reset
NB_KSWIN101_F
reset
NB_KSWIN151_F
reset
NB_KSWIN201_F
reset
NB_PH_F
reset
NB_RDDM_F
reset
NB_STEPD_F
reset
NB_basic_F
NB_ADWIN_F
reset
NB_BOCD_F
reset
NB_CUSUM_F
reset
NB_DDM_F
reset
NB_ECDD_F
reset
NB_EDDM_F
reset
NB_GMA_F
reset
NB_HDDMA_F
reset
NB_HDDMW_F
reset
NB_KSWIN1_F
reset
NB_KSWIN51_F
reset
NB_KSWIN101_F
reset
NB_KSWIN151_F
reset
NB_KSWIN201_F
reset
NB_PH_F
reset
NB_RDDM_F
reset
NB_STEPD_F
reset
NB_basic_F
NB_ADWIN_F
reset
NB_BOCD_F
reset
NB_CUSUM_F
reset
NB_DDM_F
reset
NB_ECDD_F
reset
NB_EDDM_F
reset
NB_GMA_F
reset
NB_HDDMA_F
reset
NB_HDDMW_F
reset
NB_KSWIN1_F
reset
NB_KSWIN51_F
reset
NB_KSWIN101_F
reset
NB_KSWIN151_F
reset
NB_KSWIN201_F
reset
NB_PH_F
reset
NB_RDDM_F
reset
NB_STEPD_F
reset
NB_basic_F
NB_ADWIN_F
reset
NB_BOCD_F
reset
NB_CUSUM_F
reset
NB_DDM_F
reset
NB_ECDD_F
reset
NB_EDDM_F
reset
NB_GMA_F
reset
NB_HDDMA_F
reset
NB_HDDMW_F
reset
NB_KSWIN1_F
reset
NB_KSWIN51_F
reset
NB_KSWIN101_F
reset
NB_KSWIN151_F
reset
NB_KSWIN201_F
reset
NB_PH_F
reset
NB_RDDM_F
reset
NB_STEPD_F
reset
NB_basic_F
NB_ADWIN_F
reset
NB_BOCD_F
reset
NB_CUSUM_F
reset
NB_DDM_F
reset
NB_ECDD_F
reset
NB_EDDM_F
reset
NB_GMA_F
reset
NB_HDDMA_F
reset
NB_HDDMW_F
reset
NB_KSWIN1_F
reset
NB_KSWIN51_F
reset
NB_KSWIN101_F
reset
NB_KSWIN151_F
reset
NB_KSWIN201_F
reset
NB_PH_F
reset
NB_RDDM_F
reset
NB_STEPD_F
reset
NB_basic_F
NB_ADWIN_F
reset
NB_BOCD_F
reset
NB_CUSUM_F
reset
NB_DDM_F
reset
NB_ECDD_F
reset
NB_EDDM_F
reset
NB_GMA_F
reset
NB_HDDMA_F
reset
NB_HDDMW_F
reset
NB_KSWIN1_F
reset
NB_KSWIN51_F
reset
NB_KSWIN101_F
reset
NB_KSWIN151_F
reset
NB_KSWIN201_F
reset
NB_PH_F
reset
NB_RDDM_F
reset
NB_STEPD_F
reset
NB_basic_F
NB_ADWIN_F
reset
NB_BOCD_F
reset
NB_CUSUM_F
reset
NB_DDM_F
reset
NB_ECDD_F
reset
NB_EDDM_F
reset
NB_GMA_F
reset
NB_HDDMA_F
reset
NB_HDDMW_F
reset
NB_KSWIN1_F
reset
NB_KSWIN51_F
reset
NB_KSWIN101_F
reset
NB_KSWIN151_F
reset
NB_KSWIN201_F
reset
NB_PH_F
reset
NB_RDDM_F
reset
NB_STEPD_F
reset
NB_basic_F
NB_ADWIN_F
reset
NB_BOCD_F
reset
NB_CUSUM_F
reset
NB_DDM_F
reset
NB_ECDD_F
reset
NB_EDDM_F
reset
NB_GMA_F
reset
NB_HDDMA_F
reset
NB_HDDMW_F
reset
NB_KSWIN1_F
reset
NB_KSWIN51_F
reset
NB_KSWIN101_F
reset
NB_KSWIN151_F
reset
NB_KSWIN201_F
reset
NB_PH_F
reset
NB_RDDM_F
reset
NB_STEPD_F
reset
NB_basic_F
NB_ADWIN_F
reset
NB_BOCD_F
reset
NB_CUSUM_F
reset
NB_DDM_F
reset
NB_ECDD_F
reset
NB_EDDM_F
reset
NB_GMA_F
reset
NB_HDDMA_F
reset
NB_HDDMW_F
reset
NB_KSWIN1_F
reset
NB_KSWIN51_F
reset
NB_KSWIN101_F
reset
NB_KSWIN151_F
reset
NB_KSWIN201_F
reset
NB_PH_F
reset
NB_RDDM_F
reset
NB_STEPD_F
reset
NB_basic_F
NB_ADWIN_F
reset
NB_BOCD_F
reset
NB_CUSUM_F
reset
NB_DDM_F
reset
NB_ECDD_F
reset
NB_EDDM_F
reset
NB_GMA_F
reset
NB_HDDMA_F
reset
NB_HDDMW_F
reset
NB_KSWIN1_F
reset
NB_KSWIN51_F
reset
NB_KSWIN101_F
reset
NB_KSWIN151_F
reset
NB_KSWIN201_F
reset
NB_PH_F
reset
NB_RDDM_F
reset
NB_STEPD_F
reset
NB_basic_F
NB_ADWIN_F
reset
NB_BOCD_F
reset
NB_CUSUM_F
reset
NB_DDM_F
reset
NB_ECDD_F
reset
NB_EDDM_F
reset
NB_GMA_F
reset
NB_HDDMA_F
reset
NB_HDDMW_F
reset
NB_KSWIN1_F
reset
NB_KSWIN51_F
reset
NB_KSWIN101_F
reset
NB_KSWIN151_F
reset
NB_KSWIN201_F
reset
NB_PH_F
reset
NB_RDDM_F
reset
NB_STEPD_F
reset
NB_basic_F
NB_ADWIN_F
reset
NB_BOCD_F
reset
NB_CUSUM_F
reset
NB_DDM_F
reset
NB_ECDD_F
reset
NB_EDDM_F
reset
NB_GMA_F
reset
NB_HDDMA_F
reset
NB_HDDMW_F
reset
NB_KSWIN1_F
reset
NB_KSWIN51_F
reset
NB_KSWIN101_F
reset
NB_KSWIN151_F
reset
NB_KSWIN201_F
reset
NB_PH_F
reset
NB_RDDM_F
reset
NB_STEPD_F
reset
NB_basic_F
NB_ADWIN_F
reset
NB_BOCD_F
reset
NB_CUSUM_F
reset
NB_DDM_F
reset
NB_ECDD_F
reset
NB_EDDM_F
reset
NB_GMA_F
reset
NB_HDDMA_F
reset
NB_HDDMW_F
reset
NB_KSWIN1_F
reset
NB_KSWIN51_F
reset
NB_KSWIN101_F
reset
NB_KSWIN151_F
reset
NB_KSWIN201_F
reset
NB_PH_F
reset
NB_RDDM_F
reset
NB_STEPD_F
reset
NB_basic_F
NB_ADWIN_F
reset
NB_BOCD_F
reset
NB_CUSUM_F
reset
NB_DDM_F
reset
NB_ECDD_F
reset
NB_EDDM_F
reset
NB_GMA_F
reset
NB_HDDMA_F
reset
NB_HDDMW_F
reset
NB_KSWIN1_F
reset
NB_KSWIN51_F
reset
NB_KSWIN101_F
reset
NB_KSWIN151_F
reset
NB_KSWIN201_F
reset
NB_PH_F
reset
NB_RDDM_F
reset
NB_STEPD_F
reset
NB_basic_F
NB_ADWIN_F
reset
NB_BOCD_F
reset
NB_CUSUM_F
reset
NB_DDM_F
reset
NB_ECDD_F
reset
NB_EDDM_F
reset
NB_GMA_F
reset
NB_HDDMA_F
reset
NB_HDDMW_F
reset
NB_KSWIN1_F
reset
NB_KSWIN51_F
reset
NB_KSWIN101_F
reset
NB_KSWIN151_F
reset
NB_KSWIN201_F
reset
NB_PH_F
reset
NB_RDDM_F
reset
NB_STEPD_F
reset
NB_basic_F
NB_ADWIN_F
reset
NB_BOCD_F
reset
NB_CUSUM_F
reset
NB_DDM_F
reset
NB_ECDD_F
reset
NB_EDDM_F
reset
NB_GMA_F
reset
NB_HDDMA_F
reset
NB_HDDMW_F
reset
NB_KSWIN1_F
reset
NB_KSWIN51_F
reset
NB_KSWIN101_F
reset
NB_KSWIN151_F
reset
NB_KSWIN201_F
reset
NB_PH_F
reset
NB_RDDM_F
reset
NB_STEPD_F
reset
NB_basic_F
NB_ADWIN_F
reset
NB_BOCD_F
reset
NB_CUSUM_F
reset
NB_DDM_F
reset
NB_ECDD_F
reset
NB_EDDM_F
reset
NB_GMA_F
reset
NB_HDDMA_F
reset
NB_HDDMW_F
reset
NB_KSWIN1_F
reset
NB_KSWIN51_F
reset
NB_KSWIN101_F
reset
NB_KSWIN151_F
reset
NB_KSWIN201_F
reset
NB_PH_F
reset
NB_RDDM_F
reset
NB_STEPD_F
reset
NB_basic_F
NB_ADWIN_F
reset
NB_BOCD_F
reset
NB_CUSUM_F
reset
NB_DDM_F
reset
NB_ECDD_F
reset
NB_EDDM_F
reset
NB_GMA_F
reset
NB_HDDMA_F
reset
NB_HDDMW_F
reset
NB_KSWIN1_F
reset
NB_KSWIN51_F
reset
NB_KSWIN101_F
reset
NB_KSWIN151_F
reset
NB_KSWIN201_F
reset
NB_PH_F
reset
NB_RDDM_F
reset
NB_STEPD_F
reset
NB_basic_F
NB_ADWIN_F
reset
NB_BOCD_F
reset
NB_CUSUM_F
reset
NB_DDM_F
reset
NB_ECDD_F
reset
NB_EDDM_F
reset
NB_GMA_F
reset
NB_HDDMA_F
reset
NB_HDDMW_F
reset
NB_KSWIN1_F
reset
NB_KSWIN51_F
reset
NB_KSWIN101_F
reset
NB_KSWIN151_F
reset
NB_KSWIN201_F
reset
NB_PH_F
reset
NB_RDDM_F
reset
NB_STEPD_F
reset
NB_basic_F
NB_ADWIN_F
reset
NB_BOCD_F
reset
NB_CUSUM_F
reset
NB_DDM_F
reset
NB_ECDD_F
reset
NB_EDDM_F
reset
NB_GMA_F
reset
NB_HDDMA_F
reset
NB_HDDMW_F
reset
NB_KSWIN1_F
reset
NB_KSWIN51_F
reset
NB_KSWIN101_F
reset
NB_KSWIN151_F
reset
NB_KSWIN201_F
reset
NB_PH_F
reset
NB_RDDM_F
reset
NB_STEPD_F
reset
NB_basic_F
NB_ADWIN_F
reset
NB_BOCD_F
reset
NB_CUSUM_F
reset
NB_DDM_F
reset
NB_ECDD_F
reset
NB_EDDM_F
reset
NB_GMA_F
reset
NB_HDDMA_F
reset
NB_HDDMW_F
reset
NB_KSWIN1_F
reset
NB_KSWIN51_F
reset
NB_KSWIN101_F
reset
NB_KSWIN151_F
reset
NB_KSWIN201_F
reset
NB_PH_F
reset
NB_RDDM_F
reset
NB_STEPD_F
reset
NB_basic_F
NB_ADWIN_F
reset
NB_BOCD_F
reset
NB_CUSUM_F
reset
NB_DDM_F
reset
NB_ECDD_F
reset
NB_EDDM_F
reset
NB_GMA_F
reset
NB_HDDMA_F
reset
NB_HDDMW_F
reset
NB_KSWIN1_F
reset
NB_KSWIN51_F
reset
NB_KSWIN101_F
reset
NB_KSWIN151_F
reset
NB_KSWIN201_F
reset
NB_PH_F
reset
NB_RDDM_F
reset
NB_STEPD_F
reset
NB_basic_F
NB_ADWIN_F
reset
NB_BOCD_F
reset
NB_CUSUM_F
reset
NB_DDM_F
reset
NB_ECDD_F
reset
NB_EDDM_F
reset
NB_GMA_F
reset
NB_HDDMA_F
reset
NB_HDDMW_F
reset
NB_KSWIN1_F
reset
NB_KSWIN51_F
reset
NB_KSWIN101_F
reset
NB_KSWIN151_F
reset
NB_KSWIN201_F
reset
NB_PH_F
reset
NB_RDDM_F
reset
NB_STEPD_F
reset
NB_basic_F
NB_ADWIN_F
reset
NB_BOCD_F
reset
NB_CUSUM_F
reset
NB_DDM_F
reset
NB_ECDD_F
reset
NB_EDDM_F
reset
NB_GMA_F
reset
NB_HDDMA_F
reset
NB_HDDMW_F
reset
NB_KSWIN1_F
reset
NB_KSWIN51_F
reset
NB_KSWIN101_F
reset
NB_KSWIN151_F
reset
NB_KSWIN201_F
reset
NB_PH_F
reset
NB_RDDM_F
reset
NB_STEPD_F
reset
NB_basic_F
NB_ADWIN_F
reset
NB_BOCD_F
reset
NB_CUSUM_F
reset
NB_DDM_F
reset
NB_ECDD_F
reset
NB_EDDM_F
reset
NB_GMA_F
reset
NB_HDDMA_F
reset
NB_HDDMW_F
reset
NB_KSWIN1_F
reset
NB_KSWIN51_F
reset
NB_KSWIN101_F
reset
NB_KSWIN151_F
reset
NB_KSWIN201_F
reset
NB_PH_F
reset
NB_RDDM_F
reset
NB_STEPD_F
reset

============================= JOB FEEDBACK =============================

NodeName=uc2n270
Job ID: 22938380
Cluster: uc2
User/Group: ma_ngabrek/ma_ma
State: COMPLETED (exit code 0)
Nodes: 1
Cores per node: 2
CPU Utilized: 1-16:54:43
CPU Efficiency: 49.79% of 3-10:09:46 core-walltime
Job Wall-clock time: 1-17:04:53
Memory Utilized: 1.98 GB
Memory Efficiency: 90.29% of 2.20 GB
